Training time: 0.374852 s
Prediction time: 0.001697 s
 
The model performance for training set
--------------------------------------
MAE is 3.3460977866519064e-09
MSE is 1.1118820417927321e-13
EVS is 0.9999999999999823
R2 score is 0.9999999999999823
 
The model performance for testing set
--------------------------------------
MAE is 0.0004140430955950754
MSE is 7.660887367522528e-06
EVS is 0.9999788519548721
R2 score is 0.9999776928757639
 
Adimensional test metrics
--------------------------------------
Mean Absolute Error (MAE): 0.0035165532372340535
Mean Squared Error (MSE): 2.401558152679254e-05
Root Mean Squared Error (RMSE): 0.00490056951045412
 
Best parameters set found on development set:
{'criterion': 'mae', 'max_features': 'auto', 'splitter': 'best'}
