Training time: 72.594382 s
Prediction time: 0.010134 s
 
The model performance for training set
--------------------------------------
MAE is 0.0
MSE is 0.0
EVS is 1.0
R2 score is 1.0
 
The model performance for testing set
--------------------------------------
MAE is 0.0
MSE is 0.0
EVS is 1.0
R2 score is 1.0
 
Adimensional test metrics
--------------------------------------
Mean Absolute Error (MAE): 0.0
Mean Squared Error (MSE): 0.0
Root Mean Squared Error (RMSE): 0.0
 
Best parameters set found on development set:
{'criterion': 'mae', 'max_features': 'auto', 'splitter': 'random'}
