Training time: 18.701796 s
Prediction time: 0.163125 s
 
The model performance for training set
--------------------------------------
MAE is 4.801141454636213e-09
MSE is 1.0771563280517818e-15
EVS is 0.9999999999999598
R2 score is 0.999999999999958
 
The model performance for testing set
--------------------------------------
MAE is 4.591348446871004e-09
MSE is 1.0172104468532872e-15
EVS is 0.9999999999999633
R2 score is 0.9999999999999617
 
Adimensional test metrics
--------------------------------------
Mean Absolute Error (MAE): 9.79563191645274e-08
Mean Squared Error (MSE): 3.991367577241195e-14
Root Mean Squared Error (RMSE): 1.997840728697159e-07
 
Best parameters set found on development set:
{'alpha': 0.0, 'gamma': 1, 'kernel': 'rbf'}
