0.23.2
IN: 1 OUT: 470
[INFO] Split data ...
[INFO] StandardScaling data ...
Training Features Shape: (1524, 1)
Training Labels Shape: (1524, 470)
Testing Features Shape: (509, 1)
Testing Labels Shape: (509, 470)
[INFO] Model build ...
Model: "sequential"
_________________________________________________________________
Layer (type)                 Output Shape              Param #   
=================================================================
dense (Dense)                (None, 470)               940       
_________________________________________________________________
dense_1 (Dense)              (None, 470)               221370    
=================================================================
Total params: 222,310
Trainable params: 222,310
Non-trainable params: 0
_________________________________________________________________
           OPERATION           DATA DIMENSIONS   WEIGHTS(N)   WEIGHTS(%)

               Input   #####           1
               Dense   XXXXX -------------------       940     0.4%
                relu   #####         470
               Dense   XXXXX -------------------    221370    99.6%
                       #####         470
[INFO] training model...
Train on 1524 samples, validate on 509 samples
Epoch 1/100
1524/1524 - 0s - loss: 0.1156 - mean_squared_error: 0.1156 - mean_absolute_error: 0.2073 - mean_absolute_percentage_error: 104.6431 - mean_squared_logarithmic_error: 0.0195 - val_loss: 0.0097 - val_mean_squared_error: 0.0097 - val_mean_absolute_error: 0.0566 - val_mean_absolute_percentage_error: 42.7976 - val_mean_squared_logarithmic_error: 0.0011
Epoch 2/100
1524/1524 - 0s - loss: 0.0044 - mean_squared_error: 0.0044 - mean_absolute_error: 0.0370 - mean_absolute_percentage_error: 17.0403 - mean_squared_logarithmic_error: 8.4079e-04 - val_loss: 0.0012 - val_mean_squared_error: 0.0012 - val_mean_absolute_error: 0.0190 - val_mean_absolute_percentage_error: 6.9672 - val_mean_squared_logarithmic_error: 2.6288e-04
Epoch 3/100
1524/1524 - 0s - loss: 8.2439e-04 - mean_squared_error: 8.2439e-04 - mean_absolute_error: 0.0149 - mean_absolute_percentage_error: 5.5138 - mean_squared_logarithmic_error: 1.4548e-04 - val_loss: 5.2877e-04 - val_mean_squared_error: 5.2877e-04 - val_mean_absolute_error: 0.0136 - val_mean_absolute_percentage_error: 5.8126 - val_mean_squared_logarithmic_error: 6.1299e-05
Epoch 4/100
1524/1524 - 0s - loss: 4.2038e-04 - mean_squared_error: 4.2038e-04 - mean_absolute_error: 0.0104 - mean_absolute_percentage_error: 4.5134 - mean_squared_logarithmic_error: 5.4881e-05 - val_loss: 2.3489e-04 - val_mean_squared_error: 2.3489e-04 - val_mean_absolute_error: 0.0065 - val_mean_absolute_percentage_error: 3.5932 - val_mean_squared_logarithmic_error: 3.1263e-05
Epoch 5/100
1524/1524 - 0s - loss: 2.4642e-04 - mean_squared_error: 2.4642e-04 - mean_absolute_error: 0.0078 - mean_absolute_percentage_error: 3.7146 - mean_squared_logarithmic_error: 3.0490e-05 - val_loss: 2.3252e-04 - val_mean_squared_error: 2.3252e-04 - val_mean_absolute_error: 0.0070 - val_mean_absolute_percentage_error: 4.0441 - val_mean_squared_logarithmic_error: 2.4793e-05
Epoch 6/100
1524/1524 - 0s - loss: 1.4430e-04 - mean_squared_error: 1.4430e-04 - mean_absolute_error: 0.0057 - mean_absolute_percentage_error: 2.7984 - mean_squared_logarithmic_error: 1.8309e-05 - val_loss: 1.1558e-04 - val_mean_squared_error: 1.1558e-04 - val_mean_absolute_error: 0.0051 - val_mean_absolute_percentage_error: 2.6259 - val_mean_squared_logarithmic_error: 1.4076e-05
Epoch 7/100
1524/1524 - 0s - loss: 1.1052e-04 - mean_squared_error: 1.1052e-04 - mean_absolute_error: 0.0049 - mean_absolute_percentage_error: 2.2584 - mean_squared_logarithmic_error: 1.3096e-05 - val_loss: 8.7432e-05 - val_mean_squared_error: 8.7432e-05 - val_mean_absolute_error: 0.0046 - val_mean_absolute_percentage_error: 2.5192 - val_mean_squared_logarithmic_error: 9.3626e-06
Epoch 8/100
1524/1524 - 0s - loss: 7.9823e-05 - mean_squared_error: 7.9823e-05 - mean_absolute_error: 0.0045 - mean_absolute_percentage_error: 2.0795 - mean_squared_logarithmic_error: 8.8186e-06 - val_loss: 5.7945e-05 - val_mean_squared_error: 5.7945e-05 - val_mean_absolute_error: 0.0034 - val_mean_absolute_percentage_error: 2.0275 - val_mean_squared_logarithmic_error: 6.3829e-06
Epoch 9/100
1524/1524 - 0s - loss: 6.7569e-05 - mean_squared_error: 6.7569e-05 - mean_absolute_error: 0.0043 - mean_absolute_percentage_error: 1.9706 - mean_squared_logarithmic_error: 7.1132e-06 - val_loss: 1.0127e-04 - val_mean_squared_error: 1.0127e-04 - val_mean_absolute_error: 0.0045 - val_mean_absolute_percentage_error: 2.6779 - val_mean_squared_logarithmic_error: 1.3288e-05
Epoch 10/100
1524/1524 - 0s - loss: 5.1856e-05 - mean_squared_error: 5.1856e-05 - mean_absolute_error: 0.0036 - mean_absolute_percentage_error: 1.5761 - mean_squared_logarithmic_error: 5.5081e-06 - val_loss: 3.6162e-05 - val_mean_squared_error: 3.6162e-05 - val_mean_absolute_error: 0.0032 - val_mean_absolute_percentage_error: 1.8317 - val_mean_squared_logarithmic_error: 3.8084e-06
Epoch 11/100
1524/1524 - 0s - loss: 3.9231e-05 - mean_squared_error: 3.9231e-05 - mean_absolute_error: 0.0031 - mean_absolute_percentage_error: 1.4288 - mean_squared_logarithmic_error: 4.2585e-06 - val_loss: 4.4270e-05 - val_mean_squared_error: 4.4270e-05 - val_mean_absolute_error: 0.0026 - val_mean_absolute_percentage_error: 1.1112 - val_mean_squared_logarithmic_error: 4.9706e-06
Epoch 12/100
1524/1524 - 0s - loss: 3.3603e-05 - mean_squared_error: 3.3603e-05 - mean_absolute_error: 0.0031 - mean_absolute_percentage_error: 1.4790 - mean_squared_logarithmic_error: 3.9330e-06 - val_loss: 2.6902e-05 - val_mean_squared_error: 2.6902e-05 - val_mean_absolute_error: 0.0024 - val_mean_absolute_percentage_error: 1.1473 - val_mean_squared_logarithmic_error: 2.9096e-06
Epoch 13/100
1524/1524 - 0s - loss: 2.6183e-05 - mean_squared_error: 2.6183e-05 - mean_absolute_error: 0.0026 - mean_absolute_percentage_error: 1.2344 - mean_squared_logarithmic_error: 2.8631e-06 - val_loss: 3.4207e-05 - val_mean_squared_error: 3.4207e-05 - val_mean_absolute_error: 0.0040 - val_mean_absolute_percentage_error: 2.4619 - val_mean_squared_logarithmic_error: 3.4454e-06
Epoch 14/100
1524/1524 - 0s - loss: 2.5851e-05 - mean_squared_error: 2.5851e-05 - mean_absolute_error: 0.0029 - mean_absolute_percentage_error: 1.2676 - mean_squared_logarithmic_error: 2.6592e-06 - val_loss: 5.8437e-05 - val_mean_squared_error: 5.8437e-05 - val_mean_absolute_error: 0.0047 - val_mean_absolute_percentage_error: 2.6992 - val_mean_squared_logarithmic_error: 2.6415e-06
Epoch 15/100
1524/1524 - 0s - loss: 2.0835e-05 - mean_squared_error: 2.0835e-05 - mean_absolute_error: 0.0025 - mean_absolute_percentage_error: 1.2138 - mean_squared_logarithmic_error: 1.9224e-06 - val_loss: 4.7556e-05 - val_mean_squared_error: 4.7556e-05 - val_mean_absolute_error: 0.0045 - val_mean_absolute_percentage_error: 2.5879 - val_mean_squared_logarithmic_error: 5.7361e-06
Epoch 16/100
1524/1524 - 0s - loss: 2.9791e-05 - mean_squared_error: 2.9791e-05 - mean_absolute_error: 0.0030 - mean_absolute_percentage_error: 1.3292 - mean_squared_logarithmic_error: 2.5084e-06 - val_loss: 2.5820e-05 - val_mean_squared_error: 2.5820e-05 - val_mean_absolute_error: 0.0035 - val_mean_absolute_percentage_error: 2.0163 - val_mean_squared_logarithmic_error: 2.0128e-06
Epoch 17/100
1524/1524 - 0s - loss: 1.9157e-05 - mean_squared_error: 1.9157e-05 - mean_absolute_error: 0.0030 - mean_absolute_percentage_error: 1.4984 - mean_squared_logarithmic_error: 2.6434e-06 - val_loss: 1.5620e-05 - val_mean_squared_error: 1.5620e-05 - val_mean_absolute_error: 0.0029 - val_mean_absolute_percentage_error: 1.6611 - val_mean_squared_logarithmic_error: 2.0542e-06
Epoch 18/100
1524/1524 - 0s - loss: 1.4403e-05 - mean_squared_error: 1.4403e-05 - mean_absolute_error: 0.0023 - mean_absolute_percentage_error: 1.1377 - mean_squared_logarithmic_error: 1.7216e-06 - val_loss: 2.1730e-05 - val_mean_squared_error: 2.1730e-05 - val_mean_absolute_error: 0.0038 - val_mean_absolute_percentage_error: 1.8586 - val_mean_squared_logarithmic_error: 3.3442e-06
Epoch 19/100
1524/1524 - 0s - loss: 1.4576e-05 - mean_squared_error: 1.4576e-05 - mean_absolute_error: 0.0024 - mean_absolute_percentage_error: 1.1076 - mean_squared_logarithmic_error: 1.5944e-06 - val_loss: 1.0827e-05 - val_mean_squared_error: 1.0827e-05 - val_mean_absolute_error: 0.0021 - val_mean_absolute_percentage_error: 1.4271 - val_mean_squared_logarithmic_error: 1.3756e-06
Epoch 20/100
1524/1524 - 0s - loss: 2.1376e-05 - mean_squared_error: 2.1376e-05 - mean_absolute_error: 0.0028 - mean_absolute_percentage_error: 1.2708 - mean_squared_logarithmic_error: 2.3017e-06 - val_loss: 4.8074e-05 - val_mean_squared_error: 4.8074e-05 - val_mean_absolute_error: 0.0039 - val_mean_absolute_percentage_error: 1.4298 - val_mean_squared_logarithmic_error: 5.5928e-06
Epoch 21/100
1524/1524 - 0s - loss: 2.8001e-04 - mean_squared_error: 2.8001e-04 - mean_absolute_error: 0.0088 - mean_absolute_percentage_error: 3.8213 - mean_squared_logarithmic_error: 2.4530e-05 - val_loss: 7.8398e-04 - val_mean_squared_error: 7.8398e-04 - val_mean_absolute_error: 0.0182 - val_mean_absolute_percentage_error: 10.0593 - val_mean_squared_logarithmic_error: 5.8628e-05
Epoch 22/100
1524/1524 - 0s - loss: 1.4418e-04 - mean_squared_error: 1.4418e-04 - mean_absolute_error: 0.0064 - mean_absolute_percentage_error: 3.1754 - mean_squared_logarithmic_error: 1.6128e-05 - val_loss: 2.7044e-05 - val_mean_squared_error: 2.7044e-05 - val_mean_absolute_error: 0.0040 - val_mean_absolute_percentage_error: 1.9713 - val_mean_squared_logarithmic_error: 3.0867e-06
Epoch 23/100
1524/1524 - 0s - loss: 1.2067e-04 - mean_squared_error: 1.2067e-04 - mean_absolute_error: 0.0063 - mean_absolute_percentage_error: 2.9932 - mean_squared_logarithmic_error: 9.1536e-06 - val_loss: 2.8451e-05 - val_mean_squared_error: 2.8451e-05 - val_mean_absolute_error: 0.0035 - val_mean_absolute_percentage_error: 2.0149 - val_mean_squared_logarithmic_error: 2.3442e-06
Epoch 24/100
1524/1524 - 0s - loss: 5.7901e-04 - mean_squared_error: 5.7902e-04 - mean_absolute_error: 0.0138 - mean_absolute_percentage_error: 5.7469 - mean_squared_logarithmic_error: 5.7614e-05 - val_loss: 0.0012 - val_mean_squared_error: 0.0012 - val_mean_absolute_error: 0.0200 - val_mean_absolute_percentage_error: 5.8042 - val_mean_squared_logarithmic_error: 7.8399e-05
Epoch 25/100
1524/1524 - 0s - loss: 5.5541e-04 - mean_squared_error: 5.5541e-04 - mean_absolute_error: 0.0154 - mean_absolute_percentage_error: 6.5637 - mean_squared_logarithmic_error: 4.4354e-05 - val_loss: 9.2105e-05 - val_mean_squared_error: 9.2105e-05 - val_mean_absolute_error: 0.0073 - val_mean_absolute_percentage_error: 3.7574 - val_mean_squared_logarithmic_error: 1.6634e-05
Epoch 26/100
1524/1524 - 0s - loss: 1.3105e-04 - mean_squared_error: 1.3105e-04 - mean_absolute_error: 0.0084 - mean_absolute_percentage_error: 4.2449 - mean_squared_logarithmic_error: 2.3053e-05 - val_loss: 6.8440e-05 - val_mean_squared_error: 6.8440e-05 - val_mean_absolute_error: 0.0063 - val_mean_absolute_percentage_error: 2.7843 - val_mean_squared_logarithmic_error: 6.3961e-06
Epoch 27/100
1524/1524 - 0s - loss: 4.2030e-05 - mean_squared_error: 4.2030e-05 - mean_absolute_error: 0.0043 - mean_absolute_percentage_error: 2.1716 - mean_squared_logarithmic_error: 6.0436e-06 - val_loss: 2.3601e-05 - val_mean_squared_error: 2.3601e-05 - val_mean_absolute_error: 0.0032 - val_mean_absolute_percentage_error: 1.3221 - val_mean_squared_logarithmic_error: 1.8319e-06
Epoch 28/100
1524/1524 - 0s - loss: 2.6540e-05 - mean_squared_error: 2.6540e-05 - mean_absolute_error: 0.0036 - mean_absolute_percentage_error: 1.8794 - mean_squared_logarithmic_error: 3.6030e-06 - val_loss: 8.9428e-06 - val_mean_squared_error: 8.9428e-06 - val_mean_absolute_error: 0.0011 - val_mean_absolute_percentage_error: 0.7546 - val_mean_squared_logarithmic_error: 9.5821e-07
Epoch 29/100
1524/1524 - 0s - loss: 3.9022e-05 - mean_squared_error: 3.9022e-05 - mean_absolute_error: 0.0038 - mean_absolute_percentage_error: 1.9649 - mean_squared_logarithmic_error: 4.9224e-06 - val_loss: 2.0644e-04 - val_mean_squared_error: 2.0644e-04 - val_mean_absolute_error: 0.0091 - val_mean_absolute_percentage_error: 4.1467 - val_mean_squared_logarithmic_error: 2.7304e-05
Epoch 30/100
1524/1524 - 0s - loss: 1.0011e-04 - mean_squared_error: 1.0011e-04 - mean_absolute_error: 0.0064 - mean_absolute_percentage_error: 3.0173 - mean_squared_logarithmic_error: 9.4233e-06 - val_loss: 2.0935e-04 - val_mean_squared_error: 2.0935e-04 - val_mean_absolute_error: 0.0101 - val_mean_absolute_percentage_error: 5.4523 - val_mean_squared_logarithmic_error: 1.0118e-05
Epoch 31/100
1524/1524 - 0s - loss: 8.5158e-05 - mean_squared_error: 8.5158e-05 - mean_absolute_error: 0.0060 - mean_absolute_percentage_error: 2.6564 - mean_squared_logarithmic_error: 8.1045e-06 - val_loss: 2.0735e-04 - val_mean_squared_error: 2.0735e-04 - val_mean_absolute_error: 0.0094 - val_mean_absolute_percentage_error: 5.8198 - val_mean_squared_logarithmic_error: 2.8680e-05
Epoch 32/100
1524/1524 - 0s - loss: 8.4392e-05 - mean_squared_error: 8.4392e-05 - mean_absolute_error: 0.0061 - mean_absolute_percentage_error: 3.0408 - mean_squared_logarithmic_error: 1.1744e-05 - val_loss: 3.8640e-05 - val_mean_squared_error: 3.8640e-05 - val_mean_absolute_error: 0.0037 - val_mean_absolute_percentage_error: 1.1093 - val_mean_squared_logarithmic_error: 3.7740e-06
Epoch 33/100
1524/1524 - 0s - loss: 2.9126e-04 - mean_squared_error: 2.9126e-04 - mean_absolute_error: 0.0113 - mean_absolute_percentage_error: 5.9592 - mean_squared_logarithmic_error: 6.2362e-05 - val_loss: 4.5808e-04 - val_mean_squared_error: 4.5808e-04 - val_mean_absolute_error: 0.0164 - val_mean_absolute_percentage_error: 6.2960 - val_mean_squared_logarithmic_error: 8.3069e-05
Epoch 34/100
1524/1524 - 0s - loss: 1.6191e-04 - mean_squared_error: 1.6191e-04 - mean_absolute_error: 0.0088 - mean_absolute_percentage_error: 4.6880 - mean_squared_logarithmic_error: 3.0578e-05 - val_loss: 1.4666e-05 - val_mean_squared_error: 1.4666e-05 - val_mean_absolute_error: 0.0027 - val_mean_absolute_percentage_error: 1.3842 - val_mean_squared_logarithmic_error: 1.9773e-06
Epoch 35/100
1524/1524 - 0s - loss: 4.4846e-05 - mean_squared_error: 4.4846e-05 - mean_absolute_error: 0.0045 - mean_absolute_percentage_error: 2.0855 - mean_squared_logarithmic_error: 5.4801e-06 - val_loss: 2.2148e-05 - val_mean_squared_error: 2.2148e-05 - val_mean_absolute_error: 0.0041 - val_mean_absolute_percentage_error: 2.7982 - val_mean_squared_logarithmic_error: 3.6989e-06
Epoch 36/100
1524/1524 - 0s - loss: 2.2059e-05 - mean_squared_error: 2.2059e-05 - mean_absolute_error: 0.0034 - mean_absolute_percentage_error: 1.6843 - mean_squared_logarithmic_error: 3.3579e-06 - val_loss: 2.5067e-05 - val_mean_squared_error: 2.5067e-05 - val_mean_absolute_error: 0.0038 - val_mean_absolute_percentage_error: 1.6149 - val_mean_squared_logarithmic_error: 3.4843e-06
Epoch 37/100
1524/1524 - 0s - loss: 1.9515e-04 - mean_squared_error: 1.9515e-04 - mean_absolute_error: 0.0091 - mean_absolute_percentage_error: 4.7969 - mean_squared_logarithmic_error: 2.9570e-05 - val_loss: 5.1391e-04 - val_mean_squared_error: 5.1391e-04 - val_mean_absolute_error: 0.0158 - val_mean_absolute_percentage_error: 6.4426 - val_mean_squared_logarithmic_error: 5.9427e-05
Epoch 38/100
1524/1524 - 0s - loss: 1.9408e-04 - mean_squared_error: 1.9408e-04 - mean_absolute_error: 0.0101 - mean_absolute_percentage_error: 4.8052 - mean_squared_logarithmic_error: 2.2702e-05 - val_loss: 2.2376e-05 - val_mean_squared_error: 2.2376e-05 - val_mean_absolute_error: 0.0033 - val_mean_absolute_percentage_error: 1.5384 - val_mean_squared_logarithmic_error: 2.5834e-06
Epoch 39/100
1524/1524 - 0s - loss: 1.0635e-04 - mean_squared_error: 1.0635e-04 - mean_absolute_error: 0.0056 - mean_absolute_percentage_error: 2.3700 - mean_squared_logarithmic_error: 1.2598e-05 - val_loss: 2.0096e-04 - val_mean_squared_error: 2.0096e-04 - val_mean_absolute_error: 0.0099 - val_mean_absolute_percentage_error: 5.0312 - val_mean_squared_logarithmic_error: 2.8172e-05
Epoch 40/100
1524/1524 - 0s - loss: 7.2254e-05 - mean_squared_error: 7.2254e-05 - mean_absolute_error: 0.0055 - mean_absolute_percentage_error: 2.8726 - mean_squared_logarithmic_error: 1.0900e-05 - val_loss: 1.7084e-05 - val_mean_squared_error: 1.7084e-05 - val_mean_absolute_error: 0.0030 - val_mean_absolute_percentage_error: 1.3314 - val_mean_squared_logarithmic_error: 2.4641e-06
Epoch 41/100
1524/1524 - 0s - loss: 8.2484e-05 - mean_squared_error: 8.2484e-05 - mean_absolute_error: 0.0056 - mean_absolute_percentage_error: 2.3804 - mean_squared_logarithmic_error: 9.0441e-06 - val_loss: 3.2211e-05 - val_mean_squared_error: 3.2211e-05 - val_mean_absolute_error: 0.0043 - val_mean_absolute_percentage_error: 2.0422 - val_mean_squared_logarithmic_error: 2.9592e-06
Epoch 42/100
1524/1524 - 0s - loss: 3.6048e-05 - mean_squared_error: 3.6048e-05 - mean_absolute_error: 0.0044 - mean_absolute_percentage_error: 2.0814 - mean_squared_logarithmic_error: 6.1437e-06 - val_loss: 4.1295e-05 - val_mean_squared_error: 4.1295e-05 - val_mean_absolute_error: 0.0036 - val_mean_absolute_percentage_error: 1.4041 - val_mean_squared_logarithmic_error: 4.5352e-06
Epoch 43/100
1524/1524 - 0s - loss: 0.0014 - mean_squared_error: 0.0014 - mean_absolute_error: 0.0191 - mean_absolute_percentage_error: 8.7749 - mean_squared_logarithmic_error: 1.6373e-04 - val_loss: 0.0056 - val_mean_squared_error: 0.0056 - val_mean_absolute_error: 0.0473 - val_mean_absolute_percentage_error: 19.0480 - val_mean_squared_logarithmic_error: 4.9332e-04
Epoch 44/100
1524/1524 - 0s - loss: 0.0095 - mean_squared_error: 0.0095 - mean_absolute_error: 0.0680 - mean_absolute_percentage_error: 28.3492 - mean_squared_logarithmic_error: 9.0325e-04 - val_loss: 0.0046 - val_mean_squared_error: 0.0046 - val_mean_absolute_error: 0.0411 - val_mean_absolute_percentage_error: 16.8473 - val_mean_squared_logarithmic_error: 4.3671e-04
Epoch 45/100
1524/1524 - 0s - loss: 0.0015 - mean_squared_error: 0.0015 - mean_absolute_error: 0.0255 - mean_absolute_percentage_error: 10.9884 - mean_squared_logarithmic_error: 2.1196e-04 - val_loss: 2.0782e-04 - val_mean_squared_error: 2.0782e-04 - val_mean_absolute_error: 0.0103 - val_mean_absolute_percentage_error: 3.1532 - val_mean_squared_logarithmic_error: 2.7669e-05
Epoch 46/100
1524/1524 - 0s - loss: 9.7851e-05 - mean_squared_error: 9.7851e-05 - mean_absolute_error: 0.0059 - mean_absolute_percentage_error: 2.5139 - mean_squared_logarithmic_error: 1.1273e-05 - val_loss: 8.9677e-05 - val_mean_squared_error: 8.9677e-05 - val_mean_absolute_error: 0.0055 - val_mean_absolute_percentage_error: 2.7230 - val_mean_squared_logarithmic_error: 1.2288e-05
Epoch 47/100
1524/1524 - 0s - loss: 5.2610e-05 - mean_squared_error: 5.2610e-05 - mean_absolute_error: 0.0039 - mean_absolute_percentage_error: 1.4464 - mean_squared_logarithmic_error: 5.2044e-06 - val_loss: 4.3316e-05 - val_mean_squared_error: 4.3316e-05 - val_mean_absolute_error: 0.0035 - val_mean_absolute_percentage_error: 1.2949 - val_mean_squared_logarithmic_error: 4.3781e-06
Epoch 48/100
1524/1524 - 0s - loss: 3.7599e-05 - mean_squared_error: 3.7599e-05 - mean_absolute_error: 0.0034 - mean_absolute_percentage_error: 1.3380 - mean_squared_logarithmic_error: 3.9472e-06 - val_loss: 4.8799e-05 - val_mean_squared_error: 4.8799e-05 - val_mean_absolute_error: 0.0029 - val_mean_absolute_percentage_error: 1.2819 - val_mean_squared_logarithmic_error: 5.3989e-06
Epoch 49/100
1524/1524 - 0s - loss: 2.5876e-05 - mean_squared_error: 2.5876e-05 - mean_absolute_error: 0.0026 - mean_absolute_percentage_error: 1.0724 - mean_squared_logarithmic_error: 2.9029e-06 - val_loss: 1.0327e-04 - val_mean_squared_error: 1.0327e-04 - val_mean_absolute_error: 0.0057 - val_mean_absolute_percentage_error: 2.7837 - val_mean_squared_logarithmic_error: 1.0841e-05
Epoch 50/100
1524/1524 - 0s - loss: 1.8231e-05 - mean_squared_error: 1.8231e-05 - mean_absolute_error: 0.0023 - mean_absolute_percentage_error: 1.1085 - mean_squared_logarithmic_error: 2.0368e-06 - val_loss: 3.4327e-05 - val_mean_squared_error: 3.4327e-05 - val_mean_absolute_error: 0.0029 - val_mean_absolute_percentage_error: 1.1005 - val_mean_squared_logarithmic_error: 3.2194e-06
Epoch 51/100
1524/1524 - 0s - loss: 1.9968e-05 - mean_squared_error: 1.9968e-05 - mean_absolute_error: 0.0027 - mean_absolute_percentage_error: 1.1208 - mean_squared_logarithmic_error: 2.0912e-06 - val_loss: 1.7979e-05 - val_mean_squared_error: 1.7979e-05 - val_mean_absolute_error: 0.0030 - val_mean_absolute_percentage_error: 1.4624 - val_mean_squared_logarithmic_error: 2.1639e-06
Epoch 52/100
1524/1524 - 0s - loss: 1.7315e-05 - mean_squared_error: 1.7315e-05 - mean_absolute_error: 0.0022 - mean_absolute_percentage_error: 1.0159 - mean_squared_logarithmic_error: 1.9078e-06 - val_loss: 1.2603e-04 - val_mean_squared_error: 1.2603e-04 - val_mean_absolute_error: 0.0050 - val_mean_absolute_percentage_error: 2.3241 - val_mean_squared_logarithmic_error: 1.3485e-05
Epoch 53/100
1524/1524 - 0s - loss: 7.3944e-05 - mean_squared_error: 7.3944e-05 - mean_absolute_error: 0.0039 - mean_absolute_percentage_error: 1.4570 - mean_squared_logarithmic_error: 7.4019e-06 - val_loss: 2.7950e-05 - val_mean_squared_error: 2.7950e-05 - val_mean_absolute_error: 0.0034 - val_mean_absolute_percentage_error: 0.8986 - val_mean_squared_logarithmic_error: 2.2476e-06
Epoch 54/100
1524/1524 - 0s - loss: 1.8526e-05 - mean_squared_error: 1.8526e-05 - mean_absolute_error: 0.0023 - mean_absolute_percentage_error: 0.9425 - mean_squared_logarithmic_error: 1.9778e-06 - val_loss: 4.4410e-06 - val_mean_squared_error: 4.4410e-06 - val_mean_absolute_error: 0.0010 - val_mean_absolute_percentage_error: 0.5658 - val_mean_squared_logarithmic_error: 5.2256e-07
Epoch 55/100
1524/1524 - 0s - loss: 5.7949e-06 - mean_squared_error: 5.7949e-06 - mean_absolute_error: 0.0014 - mean_absolute_percentage_error: 0.6558 - mean_squared_logarithmic_error: 6.3944e-07 - val_loss: 3.7931e-06 - val_mean_squared_error: 3.7931e-06 - val_mean_absolute_error: 0.0010 - val_mean_absolute_percentage_error: 0.6805 - val_mean_squared_logarithmic_error: 4.4159e-07
Epoch 56/100
1524/1524 - 0s - loss: 5.0502e-06 - mean_squared_error: 5.0502e-06 - mean_absolute_error: 0.0013 - mean_absolute_percentage_error: 0.5961 - mean_squared_logarithmic_error: 5.4064e-07 - val_loss: 3.1447e-06 - val_mean_squared_error: 3.1447e-06 - val_mean_absolute_error: 0.0011 - val_mean_absolute_percentage_error: 0.6618 - val_mean_squared_logarithmic_error: 4.2004e-07
Epoch 57/100
1524/1524 - 0s - loss: 3.2408e-06 - mean_squared_error: 3.2408e-06 - mean_absolute_error: 0.0011 - mean_absolute_percentage_error: 0.5627 - mean_squared_logarithmic_error: 3.8881e-07 - val_loss: 4.4465e-06 - val_mean_squared_error: 4.4465e-06 - val_mean_absolute_error: 0.0016 - val_mean_absolute_percentage_error: 0.8683 - val_mean_squared_logarithmic_error: 7.0462e-07
Epoch 58/100
1524/1524 - 0s - loss: 9.9570e-06 - mean_squared_error: 9.9570e-06 - mean_absolute_error: 0.0022 - mean_absolute_percentage_error: 1.0810 - mean_squared_logarithmic_error: 1.7319e-06 - val_loss: 2.5911e-05 - val_mean_squared_error: 2.5911e-05 - val_mean_absolute_error: 0.0030 - val_mean_absolute_percentage_error: 1.5203 - val_mean_squared_logarithmic_error: 3.1638e-06
Epoch 59/100
1524/1524 - 0s - loss: 5.1793e-05 - mean_squared_error: 5.1793e-05 - mean_absolute_error: 0.0040 - mean_absolute_percentage_error: 1.6476 - mean_squared_logarithmic_error: 5.7602e-06 - val_loss: 2.6150e-05 - val_mean_squared_error: 2.6150e-05 - val_mean_absolute_error: 0.0028 - val_mean_absolute_percentage_error: 0.8205 - val_mean_squared_logarithmic_error: 1.9455e-06
Epoch 60/100
1524/1524 - 0s - loss: 1.7927e-05 - mean_squared_error: 1.7927e-05 - mean_absolute_error: 0.0022 - mean_absolute_percentage_error: 0.8635 - mean_squared_logarithmic_error: 1.8874e-06 - val_loss: 3.7165e-06 - val_mean_squared_error: 3.7165e-06 - val_mean_absolute_error: 0.0013 - val_mean_absolute_percentage_error: 0.6315 - val_mean_squared_logarithmic_error: 4.0467e-07
Epoch 61/100
1524/1524 - 0s - loss: 3.2691e-06 - mean_squared_error: 3.2691e-06 - mean_absolute_error: 0.0011 - mean_absolute_percentage_error: 0.5858 - mean_squared_logarithmic_error: 4.1689e-07 - val_loss: 1.4279e-06 - val_mean_squared_error: 1.4279e-06 - val_mean_absolute_error: 7.0443e-04 - val_mean_absolute_percentage_error: 0.4688 - val_mean_squared_logarithmic_error: 1.9182e-07
Epoch 62/100
1524/1524 - 0s - loss: 2.6222e-06 - mean_squared_error: 2.6222e-06 - mean_absolute_error: 9.6273e-04 - mean_absolute_percentage_error: 0.5027 - mean_squared_logarithmic_error: 3.1389e-07 - val_loss: 1.8495e-06 - val_mean_squared_error: 1.8495e-06 - val_mean_absolute_error: 8.7365e-04 - val_mean_absolute_percentage_error: 0.5449 - val_mean_squared_logarithmic_error: 2.6725e-07
Epoch 63/100
1524/1524 - 0s - loss: 2.2434e-06 - mean_squared_error: 2.2434e-06 - mean_absolute_error: 9.5380e-04 - mean_absolute_percentage_error: 0.4898 - mean_squared_logarithmic_error: 2.8666e-07 - val_loss: 2.2579e-06 - val_mean_squared_error: 2.2579e-06 - val_mean_absolute_error: 0.0010 - val_mean_absolute_percentage_error: 0.6401 - val_mean_squared_logarithmic_error: 3.0795e-07
Epoch 64/100
1524/1524 - 0s - loss: 6.6539e-06 - mean_squared_error: 6.6539e-06 - mean_absolute_error: 0.0012 - mean_absolute_percentage_error: 0.5902 - mean_squared_logarithmic_error: 7.3546e-07 - val_loss: 2.3251e-05 - val_mean_squared_error: 2.3251e-05 - val_mean_absolute_error: 0.0032 - val_mean_absolute_percentage_error: 1.3668 - val_mean_squared_logarithmic_error: 1.8036e-06
Epoch 65/100
1524/1524 - 0s - loss: 1.3563e-05 - mean_squared_error: 1.3563e-05 - mean_absolute_error: 0.0020 - mean_absolute_percentage_error: 0.8944 - mean_squared_logarithmic_error: 1.5317e-06 - val_loss: 2.0438e-06 - val_mean_squared_error: 2.0438e-06 - val_mean_absolute_error: 0.0010 - val_mean_absolute_percentage_error: 0.5466 - val_mean_squared_logarithmic_error: 3.8811e-07
Epoch 66/100
1524/1524 - 0s - loss: 3.9061e-06 - mean_squared_error: 3.9061e-06 - mean_absolute_error: 0.0013 - mean_absolute_percentage_error: 0.6785 - mean_squared_logarithmic_error: 6.1130e-07 - val_loss: 1.9581e-06 - val_mean_squared_error: 1.9581e-06 - val_mean_absolute_error: 9.3502e-04 - val_mean_absolute_percentage_error: 0.5483 - val_mean_squared_logarithmic_error: 2.5871e-07
Epoch 67/100
1524/1524 - 0s - loss: 6.8260e-06 - mean_squared_error: 6.8260e-06 - mean_absolute_error: 0.0014 - mean_absolute_percentage_error: 0.6155 - mean_squared_logarithmic_error: 7.4242e-07 - val_loss: 2.3674e-05 - val_mean_squared_error: 2.3674e-05 - val_mean_absolute_error: 0.0029 - val_mean_absolute_percentage_error: 1.6319 - val_mean_squared_logarithmic_error: 2.4693e-06
Epoch 68/100
1524/1524 - 0s - loss: 7.5913e-05 - mean_squared_error: 7.5913e-05 - mean_absolute_error: 0.0047 - mean_absolute_percentage_error: 1.7152 - mean_squared_logarithmic_error: 7.6359e-06 - val_loss: 2.5204e-05 - val_mean_squared_error: 2.5204e-05 - val_mean_absolute_error: 0.0043 - val_mean_absolute_percentage_error: 1.9690 - val_mean_squared_logarithmic_error: 2.2842e-06
Epoch 69/100
1524/1524 - 0s - loss: 1.6642e-04 - mean_squared_error: 1.6642e-04 - mean_absolute_error: 0.0068 - mean_absolute_percentage_error: 2.7335 - mean_squared_logarithmic_error: 1.8575e-05 - val_loss: 3.3659e-04 - val_mean_squared_error: 3.3659e-04 - val_mean_absolute_error: 0.0121 - val_mean_absolute_percentage_error: 3.6536 - val_mean_squared_logarithmic_error: 3.6865e-05
Epoch 70/100
1524/1524 - 0s - loss: 0.0020 - mean_squared_error: 0.0020 - mean_absolute_error: 0.0269 - mean_absolute_percentage_error: 10.4572 - mean_squared_logarithmic_error: 1.9858e-04 - val_loss: 0.0032 - val_mean_squared_error: 0.0032 - val_mean_absolute_error: 0.0387 - val_mean_absolute_percentage_error: 14.6664 - val_mean_squared_logarithmic_error: 2.4093e-04
Epoch 71/100
1524/1524 - 0s - loss: 0.0020 - mean_squared_error: 0.0020 - mean_absolute_error: 0.0281 - mean_absolute_percentage_error: 10.1736 - mean_squared_logarithmic_error: 1.9072e-04 - val_loss: 9.6689e-04 - val_mean_squared_error: 9.6689e-04 - val_mean_absolute_error: 0.0203 - val_mean_absolute_percentage_error: 7.4314 - val_mean_squared_logarithmic_error: 6.7007e-05
Epoch 72/100
1524/1524 - 0s - loss: 4.5105e-04 - mean_squared_error: 4.5105e-04 - mean_absolute_error: 0.0115 - mean_absolute_percentage_error: 4.3636 - mean_squared_logarithmic_error: 4.2808e-05 - val_loss: 3.7807e-05 - val_mean_squared_error: 3.7807e-05 - val_mean_absolute_error: 0.0039 - val_mean_absolute_percentage_error: 1.1785 - val_mean_squared_logarithmic_error: 4.5930e-06
Epoch 73/100
1524/1524 - 0s - loss: 5.2106e-05 - mean_squared_error: 5.2106e-05 - mean_absolute_error: 0.0049 - mean_absolute_percentage_error: 2.1724 - mean_squared_logarithmic_error: 8.9924e-06 - val_loss: 3.4261e-05 - val_mean_squared_error: 3.4261e-05 - val_mean_absolute_error: 0.0040 - val_mean_absolute_percentage_error: 1.9513 - val_mean_squared_logarithmic_error: 6.2010e-06
Epoch 74/100
1524/1524 - 0s - loss: 4.1350e-05 - mean_squared_error: 4.1350e-05 - mean_absolute_error: 0.0045 - mean_absolute_percentage_error: 2.4095 - mean_squared_logarithmic_error: 7.3277e-06 - val_loss: 4.8254e-04 - val_mean_squared_error: 4.8254e-04 - val_mean_absolute_error: 0.0157 - val_mean_absolute_percentage_error: 6.2309 - val_mean_squared_logarithmic_error: 1.0523e-04
Epoch 75/100
1524/1524 - 0s - loss: 2.0869e-04 - mean_squared_error: 2.0869e-04 - mean_absolute_error: 0.0099 - mean_absolute_percentage_error: 5.1777 - mean_squared_logarithmic_error: 4.5478e-05 - val_loss: 3.8559e-04 - val_mean_squared_error: 3.8559e-04 - val_mean_absolute_error: 0.0143 - val_mean_absolute_percentage_error: 7.4838 - val_mean_squared_logarithmic_error: 1.0221e-04
Epoch 76/100
1524/1524 - 0s - loss: 1.5187e-04 - mean_squared_error: 1.5187e-04 - mean_absolute_error: 0.0078 - mean_absolute_percentage_error: 3.7750 - mean_squared_logarithmic_error: 2.9360e-05 - val_loss: 1.2351e-04 - val_mean_squared_error: 1.2351e-04 - val_mean_absolute_error: 0.0056 - val_mean_absolute_percentage_error: 2.1199 - val_mean_squared_logarithmic_error: 1.1424e-05
Epoch 77/100
1524/1524 - 0s - loss: 1.2067e-04 - mean_squared_error: 1.2067e-04 - mean_absolute_error: 0.0072 - mean_absolute_percentage_error: 2.9160 - mean_squared_logarithmic_error: 1.7440e-05 - val_loss: 1.4476e-04 - val_mean_squared_error: 1.4476e-04 - val_mean_absolute_error: 0.0093 - val_mean_absolute_percentage_error: 2.8355 - val_mean_squared_logarithmic_error: 1.6279e-05
Epoch 78/100
1524/1524 - 0s - loss: 4.5547e-05 - mean_squared_error: 4.5547e-05 - mean_absolute_error: 0.0038 - mean_absolute_percentage_error: 1.6584 - mean_squared_logarithmic_error: 5.4833e-06 - val_loss: 5.3973e-05 - val_mean_squared_error: 5.3973e-05 - val_mean_absolute_error: 0.0052 - val_mean_absolute_percentage_error: 1.2986 - val_mean_squared_logarithmic_error: 3.6013e-06
Epoch 79/100
1524/1524 - 0s - loss: 3.7891e-05 - mean_squared_error: 3.7891e-05 - mean_absolute_error: 0.0035 - mean_absolute_percentage_error: 1.2989 - mean_squared_logarithmic_error: 3.7688e-06 - val_loss: 1.1360e-05 - val_mean_squared_error: 1.1360e-05 - val_mean_absolute_error: 0.0024 - val_mean_absolute_percentage_error: 1.0038 - val_mean_squared_logarithmic_error: 1.2848e-06
Epoch 80/100
1524/1524 - 0s - loss: 2.1287e-05 - mean_squared_error: 2.1287e-05 - mean_absolute_error: 0.0027 - mean_absolute_percentage_error: 1.0580 - mean_squared_logarithmic_error: 1.8709e-06 - val_loss: 7.5929e-06 - val_mean_squared_error: 7.5929e-06 - val_mean_absolute_error: 0.0021 - val_mean_absolute_percentage_error: 0.9601 - val_mean_squared_logarithmic_error: 9.9424e-07
Epoch 81/100
1524/1524 - 0s - loss: 1.3432e-05 - mean_squared_error: 1.3432e-05 - mean_absolute_error: 0.0021 - mean_absolute_percentage_error: 0.7468 - mean_squared_logarithmic_error: 1.2403e-06 - val_loss: 1.3881e-05 - val_mean_squared_error: 1.3881e-05 - val_mean_absolute_error: 0.0025 - val_mean_absolute_percentage_error: 1.0335 - val_mean_squared_logarithmic_error: 1.2580e-06
Epoch 82/100
1524/1524 - 0s - loss: 1.4769e-05 - mean_squared_error: 1.4769e-05 - mean_absolute_error: 0.0025 - mean_absolute_percentage_error: 1.0684 - mean_squared_logarithmic_error: 1.7920e-06 - val_loss: 1.7658e-05 - val_mean_squared_error: 1.7658e-05 - val_mean_absolute_error: 0.0025 - val_mean_absolute_percentage_error: 1.1314 - val_mean_squared_logarithmic_error: 1.7400e-06
Epoch 83/100
1524/1524 - 0s - loss: 2.9301e-04 - mean_squared_error: 2.9301e-04 - mean_absolute_error: 0.0085 - mean_absolute_percentage_error: 2.9952 - mean_squared_logarithmic_error: 2.9398e-05 - val_loss: 4.1116e-04 - val_mean_squared_error: 4.1116e-04 - val_mean_absolute_error: 0.0109 - val_mean_absolute_percentage_error: 3.7119 - val_mean_squared_logarithmic_error: 3.9491e-05
Epoch 84/100
1524/1524 - 0s - loss: 9.3041e-05 - mean_squared_error: 9.3041e-05 - mean_absolute_error: 0.0059 - mean_absolute_percentage_error: 2.1768 - mean_squared_logarithmic_error: 7.4595e-06 - val_loss: 7.0692e-05 - val_mean_squared_error: 7.0692e-05 - val_mean_absolute_error: 0.0064 - val_mean_absolute_percentage_error: 1.9712 - val_mean_squared_logarithmic_error: 6.2248e-06
Epoch 85/100
1524/1524 - 0s - loss: 7.1669e-05 - mean_squared_error: 7.1669e-05 - mean_absolute_error: 0.0055 - mean_absolute_percentage_error: 2.0382 - mean_squared_logarithmic_error: 8.1714e-06 - val_loss: 4.0855e-05 - val_mean_squared_error: 4.0855e-05 - val_mean_absolute_error: 0.0054 - val_mean_absolute_percentage_error: 2.3934 - val_mean_squared_logarithmic_error: 8.6568e-06
Epoch 86/100
1524/1524 - 0s - loss: 3.8903e-05 - mean_squared_error: 3.8903e-05 - mean_absolute_error: 0.0040 - mean_absolute_percentage_error: 1.5719 - mean_squared_logarithmic_error: 3.7196e-06 - val_loss: 1.0901e-04 - val_mean_squared_error: 1.0901e-04 - val_mean_absolute_error: 0.0071 - val_mean_absolute_percentage_error: 2.4161 - val_mean_squared_logarithmic_error: 5.9013e-06
Epoch 87/100
1524/1524 - 0s - loss: 3.6429e-05 - mean_squared_error: 3.6429e-05 - mean_absolute_error: 0.0041 - mean_absolute_percentage_error: 1.7624 - mean_squared_logarithmic_error: 4.8772e-06 - val_loss: 8.4688e-05 - val_mean_squared_error: 8.4688e-05 - val_mean_absolute_error: 0.0050 - val_mean_absolute_percentage_error: 1.6714 - val_mean_squared_logarithmic_error: 8.8410e-06
Epoch 88/100
1524/1524 - 0s - loss: 3.2905e-05 - mean_squared_error: 3.2905e-05 - mean_absolute_error: 0.0035 - mean_absolute_percentage_error: 1.3247 - mean_squared_logarithmic_error: 3.4903e-06 - val_loss: 5.8439e-06 - val_mean_squared_error: 5.8439e-06 - val_mean_absolute_error: 0.0016 - val_mean_absolute_percentage_error: 0.6176 - val_mean_squared_logarithmic_error: 5.6531e-07
Epoch 89/100
1524/1524 - 0s - loss: 1.5549e-05 - mean_squared_error: 1.5549e-05 - mean_absolute_error: 0.0024 - mean_absolute_percentage_error: 0.9213 - mean_squared_logarithmic_error: 1.5195e-06 - val_loss: 1.1346e-04 - val_mean_squared_error: 1.1346e-04 - val_mean_absolute_error: 0.0062 - val_mean_absolute_percentage_error: 2.6274 - val_mean_squared_logarithmic_error: 1.4254e-05
Epoch 90/100
1524/1524 - 0s - loss: 1.7542e-04 - mean_squared_error: 1.7542e-04 - mean_absolute_error: 0.0074 - mean_absolute_percentage_error: 2.7356 - mean_squared_logarithmic_error: 1.7983e-05 - val_loss: 1.0762e-04 - val_mean_squared_error: 1.0762e-04 - val_mean_absolute_error: 0.0078 - val_mean_absolute_percentage_error: 2.9861 - val_mean_squared_logarithmic_error: 4.6681e-06
Epoch 91/100
1524/1524 - 0s - loss: 3.5194e-05 - mean_squared_error: 3.5194e-05 - mean_absolute_error: 0.0040 - mean_absolute_percentage_error: 1.5960 - mean_squared_logarithmic_error: 3.3057e-06 - val_loss: 8.1853e-06 - val_mean_squared_error: 8.1853e-06 - val_mean_absolute_error: 0.0021 - val_mean_absolute_percentage_error: 1.1338 - val_mean_squared_logarithmic_error: 1.1678e-06
Epoch 92/100
1524/1524 - 0s - loss: 1.0501e-05 - mean_squared_error: 1.0501e-05 - mean_absolute_error: 0.0018 - mean_absolute_percentage_error: 0.7411 - mean_squared_logarithmic_error: 1.0495e-06 - val_loss: 9.9096e-06 - val_mean_squared_error: 9.9096e-06 - val_mean_absolute_error: 0.0023 - val_mean_absolute_percentage_error: 1.0763 - val_mean_squared_logarithmic_error: 1.3491e-06
Epoch 93/100
1524/1524 - 0s - loss: 3.3237e-05 - mean_squared_error: 3.3237e-05 - mean_absolute_error: 0.0032 - mean_absolute_percentage_error: 1.2768 - mean_squared_logarithmic_error: 3.7368e-06 - val_loss: 2.9077e-05 - val_mean_squared_error: 2.9077e-05 - val_mean_absolute_error: 0.0023 - val_mean_absolute_percentage_error: 1.0371 - val_mean_squared_logarithmic_error: 3.0899e-06
Epoch 94/100
1524/1524 - 0s - loss: 1.4328e-05 - mean_squared_error: 1.4328e-05 - mean_absolute_error: 0.0021 - mean_absolute_percentage_error: 0.7749 - mean_squared_logarithmic_error: 1.5578e-06 - val_loss: 3.8813e-05 - val_mean_squared_error: 3.8813e-05 - val_mean_absolute_error: 0.0049 - val_mean_absolute_percentage_error: 1.7923 - val_mean_squared_logarithmic_error: 5.6622e-06
Epoch 95/100
1524/1524 - 0s - loss: 5.6005e-05 - mean_squared_error: 5.6005e-05 - mean_absolute_error: 0.0054 - mean_absolute_percentage_error: 2.5512 - mean_squared_logarithmic_error: 1.0613e-05 - val_loss: 1.4641e-05 - val_mean_squared_error: 1.4641e-05 - val_mean_absolute_error: 0.0029 - val_mean_absolute_percentage_error: 1.4668 - val_mean_squared_logarithmic_error: 1.2331e-06
Epoch 96/100
1524/1524 - 0s - loss: 7.2932e-05 - mean_squared_error: 7.2932e-05 - mean_absolute_error: 0.0049 - mean_absolute_percentage_error: 1.7403 - mean_squared_logarithmic_error: 7.0003e-06 - val_loss: 4.1037e-04 - val_mean_squared_error: 4.1037e-04 - val_mean_absolute_error: 0.0126 - val_mean_absolute_percentage_error: 6.3951 - val_mean_squared_logarithmic_error: 3.9901e-05
Epoch 97/100
1524/1524 - 0s - loss: 2.2667e-04 - mean_squared_error: 2.2667e-04 - mean_absolute_error: 0.0101 - mean_absolute_percentage_error: 3.2454 - mean_squared_logarithmic_error: 2.0386e-05 - val_loss: 1.8507e-04 - val_mean_squared_error: 1.8507e-04 - val_mean_absolute_error: 0.0099 - val_mean_absolute_percentage_error: 4.3933 - val_mean_squared_logarithmic_error: 2.8101e-05
Epoch 98/100
1524/1524 - 0s - loss: 2.8175e-04 - mean_squared_error: 2.8175e-04 - mean_absolute_error: 0.0123 - mean_absolute_percentage_error: 5.4650 - mean_squared_logarithmic_error: 4.4624e-05 - val_loss: 5.5664e-04 - val_mean_squared_error: 5.5664e-04 - val_mean_absolute_error: 0.0211 - val_mean_absolute_percentage_error: 13.3966 - val_mean_squared_logarithmic_error: 1.2138e-04
Epoch 99/100
1524/1524 - 0s - loss: 1.8145e-04 - mean_squared_error: 1.8145e-04 - mean_absolute_error: 0.0087 - mean_absolute_percentage_error: 4.8537 - mean_squared_logarithmic_error: 3.6616e-05 - val_loss: 6.9996e-06 - val_mean_squared_error: 6.9996e-06 - val_mean_absolute_error: 0.0020 - val_mean_absolute_percentage_error: 1.4484 - val_mean_squared_logarithmic_error: 1.5317e-06
Epoch 100/100
1524/1524 - 0s - loss: 3.3083e-05 - mean_squared_error: 3.3083e-05 - mean_absolute_error: 0.0034 - mean_absolute_percentage_error: 1.3924 - mean_squared_logarithmic_error: 3.7898e-06 - val_loss: 3.6020e-05 - val_mean_squared_error: 3.6020e-05 - val_mean_absolute_error: 0.0045 - val_mean_absolute_percentage_error: 2.2669 - val_mean_squared_logarithmic_error: 3.2613e-06
dict_keys(['loss', 'mean_squared_error', 'mean_absolute_error', 'mean_absolute_percentage_error', 'mean_squared_logarithmic_error', 'val_loss', 'val_mean_squared_error', 'val_mean_absolute_error', 'val_mean_absolute_percentage_error', 'val_mean_squared_logarithmic_error'])
[INFO] predicting...
Prediction for 509 inputs in 0.056360 s
Final score (MSE): 3.6020431997827224e-05
Final score (MAE): 0.004451553960877234
Final score (RMSE): 0.006001702424964705
Model: "sequential"
_________________________________________________________________
Layer (type)                 Output Shape              Param #   
=================================================================
dense (Dense)                (None, 470)               940       
_________________________________________________________________
dense_1 (Dense)              (None, 470)               221370    
=================================================================
Total params: 222,310
Trainable params: 222,310
Non-trainable params: 0
_________________________________________________________________
