Training time: 0.024107 s
Prediction time: 0.025104 s
 
The model performance for training set
--------------------------------------
MAE is 0.0
MSE is 0.0
EVS is 1.0
R2 score is 1.0
 
The model performance for testing set
--------------------------------------
MAE is 2.9436846545296847e+19
MSE is 1.3575298186521147e+41
EVS is 0.9999668979206499
R2 score is 0.99996671247921
 
Adimensional test metrics
--------------------------------------
Mean Absolute Error (MAE): 0.001996352323582642
Mean Squared Error (MSE): 3.3826563226921303e-05
Root Mean Squared Error (RMSE): 0.005816060799795795
 
Best parameters set found on development set:
{'algorithm': 'ball_tree', 'leaf_size': 1, 'n_neighbors': 10, 'p': 2, 'weights': 'distance'}
