Training time: 36.222041 s
Prediction time: 0.001416 s
 
The model performance for training set
--------------------------------------
MAE is 1.432326955136543e-11
MSE is 3.7188012645581704e-19
EVS is 0.9999999999999996
R2 score is 0.9999999999999996
 
The model performance for testing set
--------------------------------------
MAE is 4.709705746042134e-06
MSE is 2.934522200018802e-09
EVS is 0.9999905612538691
R2 score is 0.999990221559631
 
Adimensional test metrics
--------------------------------------
Mean Absolute Error (MAE): 0.0008991822657685802
Mean Squared Error (MSE): 1.0133181858656102e-05
Root Mean Squared Error (RMSE): 0.003183265910767761
 
Best parameters set found on development set:
{'criterion': 'mae', 'max_features': 'auto', 'splitter': 'best'}
