7.249907333545825791e-20
1.638131344906825067e-19
2.772722744459460039e-19
4.166198010661770641e-19
5.860331988980090117e-19
7.901410978506165201e-19
1.034035650846404122e-18
1.323279807969318806e-18
1.663909033441691457e-18
2.062427023113185230e-18
2.525794934926885701e-18
3.061413546519706993e-18
3.677097618649266105e-18
4.381041595660908553e-18
5.181775643815881996e-18
6.088110942355530101e-18
7.109073121700182898e-18
8.253822800369094676e-18
9.531562310293740361e-18
1.095142791493458670e-17
1.252236710686649960e-17
1.425300090977849043e-17
1.615147149231054747e-17
1.822527581679407186e-17
2.048108648519309546e-17
2.292456139869331932e-17
2.556014430861635774e-17
2.839085879684103538e-17
3.141809867528398639e-17
3.464141822729300283e-17
3.805832611889854232e-17
4.166408717379163051e-17
4.545153652079726111e-17
4.941091087434960209e-17
5.352970188448555545e-17
5.779253658098935658e-17
6.218108992548636346e-17
6.667403436485162003e-17
7.124703104117480321e-17
7.587276695140190152e-17
8.052104185958606185e-17
8.515890814594499580e-17
8.975086603210034359e-17
9.425911575671969344e-17
9.864386730005289200e-17
1.028637071832049183e-16
