Training time: 0.302664 s
Prediction time: 0.049564 s
 
The model performance for training set
--------------------------------------
MAE is 4.9936569478863974e+17
MSE is 1.433516929271667e+37
EVS is 0.9999887634217138
R2 score is 0.9999887634217103
 
The model performance for testing set
--------------------------------------
MAE is 4.4283453819555296e+17
MSE is 1.1499319668923404e+37
EVS is 0.9999795099732008
R2 score is 0.9999793205325926
 
Adimensional test metrics
--------------------------------------
Mean Absolute Error (MAE): 0.00018805168519742132
Mean Squared Error (MSE): 2.0985511924144825e-05
Root Mean Squared Error (RMSE): 0.004580994643540289
 
Best parameters set found on development set:
{'alpha': 0.01, 'gamma': 1, 'kernel': 'poly'}
