Training time: 3.847829 s
Prediction time: 0.018302 s
 
The model performance for training set
--------------------------------------
MAE is 73671.69486519792
MSE is 369256916345.6401
EVS is 0.954007197872287
R2 score is 0.954007197872287
 
The model performance for testing set
--------------------------------------
MAE is 74186.06497099715
MSE is 374191765962.988
EVS is 0.9528120542862475
R2 score is 0.9528094895255558
 
Adimensional test metrics
--------------------------------------
Mean Absolute Error (MAE): 0.0587132802758806
Mean Squared Error (MSE): 0.04719344437439476
Root Mean Squared Error (RMSE): 0.21724052194375423
 
Best parameters set found on development set:
{'criterion': 'mse', 'max_features': 'auto', 'splitter': 'best'}
