Training time: 10.853896 s
Prediction time: 0.000666 s
 
The model performance for training set
--------------------------------------
MAE is 2.377646455739591e-10
MSE is 8.104354504249178e-17
EVS is 0.9999999999999992
R2 score is 0.9999999999999992
 
The model performance for testing set
--------------------------------------
MAE is 9.375285646249281e-05
MSE is 1.408975972108403e-06
EVS is 0.9999894536909771
R2 score is 0.9999890920086876
 
Adimensional test metrics
--------------------------------------
Mean Absolute Error (MAE): 0.0009569608388061159
Mean Squared Error (MSE): 1.1435376269704284e-05
Root Mean Squared Error (RMSE): 0.0033816233187190267
 
Best parameters set found on development set:
{'criterion': 'mae', 'max_features': 'auto', 'splitter': 'best'}
