Training time: 0.141990 s
Prediction time: 0.000588 s
 
The model performance for training set
--------------------------------------
MAE is 1.2447089050926242e-17
MSE is 2.0972830818163926e-31
EVS is 0.9994728606366086
R2 score is 0.9994728606366086
 
The model performance for testing set
--------------------------------------
MAE is 4.343915450376231e-12
MSE is 1.2074309945154893e-20
EVS is 0.9958028520993543
R2 score is 0.9957903563846825
 
Adimensional test metrics
--------------------------------------
Mean Absolute Error (MAE): 0.003584281953917905
Mean Squared Error (MSE): 0.003994941919197704
Root Mean Squared Error (RMSE): 0.06320555291426304
 
Best parameters set found on development set:
{'criterion': 'mse', 'max_features': 'auto', 'splitter': 'best'}
