Training time: 0.000504 s
Prediction time: 0.297110 s
 
The model performance for training set
--------------------------------------
MAE is 0.0
MSE is 0.0
EVS is 1.0
R2 score is 1.0
 
The model performance for testing set
--------------------------------------
MAE is 9.133278628002265e-19
MSE is 1.8581478396163023e-35
EVS is 0.9997724751326356
R2 score is 0.9997724303349083
 
Adimensional test metrics
--------------------------------------
Mean Absolute Error (MAE): 0.0049954582910568856
Mean Squared Error (MSE): 0.0002210869352978677
Root Mean Squared Error (RMSE): 0.01486899241031038
 
Best parameters set found on development set:
{'algorithm': 'brute', 'leaf_size': 1, 'n_neighbors': 5, 'p': 2, 'weights': 'distance'}
