Training time: 5.475111 s
Prediction time: 0.053553 s
 
The model performance for training set
--------------------------------------
MAE is 4.8114135666584814e-15
MSE is 3.594173754661265e-27
EVS is 0.9996022705288279
R2 score is 0.9996007831534994
 
The model performance for testing set
--------------------------------------
MAE is 8.834028519209354e-15
MSE is 1.7498198749435266e-26
EVS is 0.9991209376405216
R2 score is 0.9991174893168505
 
Adimensional test metrics
--------------------------------------
Mean Absolute Error (MAE): 0.00358182607651561
Mean Squared Error (MSE): 0.000844334814892882
Root Mean Squared Error (RMSE): 0.0290574399232431
 
Best parameters set found on development set:
{'alpha': 0.0, 'gamma': 1, 'kernel': 'rbf'}
