Training time: 27.274679 s
Prediction time: 0.214752 s
 
The model performance for training set
--------------------------------------
MAE is 6.409421313882592e-10
MSE is 1.4387384432175687e-17
EVS is 0.999999999999951
R2 score is 0.9999999999999504
 
The model performance for testing set
--------------------------------------
MAE is 6.039034063820489e-10
MSE is 1.3246562599919869e-17
EVS is 0.9999999999999548
R2 score is 0.9999999999999543
 
Adimensional test metrics
--------------------------------------
Mean Absolute Error (MAE): 6.733445157755476e-08
Mean Squared Error (MSE): 4.569861529600726e-14
Root Mean Squared Error (RMSE): 2.1377234455375014e-07
 
Best parameters set found on development set:
{'alpha': 0.0, 'gamma': 1, 'kernel': 'rbf'}
