Training time: 19.647715 s
Prediction time: 0.000732 s
 
The model performance for training set
--------------------------------------
MAE is 7.52017490275622e-12
MSE is 1.37293287464554e-19
EVS is 0.9999999999999997
R2 score is 0.9999999999999997
 
The model performance for testing set
--------------------------------------
MAE is 2.8800527007577206e-06
MSE is 1.8436351929779345e-09
EVS is 0.9999888287277913
R2 score is 0.9999884808120671
 
Adimensional test metrics
--------------------------------------
Mean Absolute Error (MAE): 0.0009445974825085042
Mean Squared Error (MSE): 1.2066433700908433e-05
Root Mean Squared Error (RMSE): 0.0034736772591748405
 
Best parameters set found on development set:
{'criterion': 'mae', 'max_features': 'auto', 'splitter': 'best'}
