Training time: 0.146255 s
Prediction time: 0.000558 s
 
The model performance for training set
--------------------------------------
MAE is 1.0410064996430516e-15
MSE is 2.903403434932914e-27
EVS is 0.9994938607798141
R2 score is 0.9994938607798141
 
The model performance for testing set
--------------------------------------
MAE is 5.556725469299787e-10
MSE is 1.595900833433352e-16
EVS is 0.9958739821450489
R2 score is 0.9958610874850072
 
Adimensional test metrics
--------------------------------------
Mean Absolute Error (MAE): 0.003512378010736484
Mean Squared Error (MSE): 0.0038850227438779078
Root Mean Squared Error (RMSE): 0.062329950616681125
 
Best parameters set found on development set:
{'criterion': 'mse', 'max_features': 'auto', 'splitter': 'best'}
