The system is: Linux - 5.3.0-64-generic - x86_64
Compiling the Fortran compiler identification source file "CMakeFortranCompilerId.F" succeeded.
Compiler: /usr/bin/gfortran 
Build flags: 
Id flags: -v 

The output was:
0
Driving: /usr/bin/gfortran -v CMakeFortranCompilerId.F -l gfortran -l m -shared-libgcc
Using built-in specs.
COLLECT_GCC=/usr/bin/gfortran
COLLECT_LTO_WRAPPER=/usr/lib/gcc/x86_64-linux-gnu/9/lto-wrapper
OFFLOAD_TARGET_NAMES=nvptx-none:hsa
OFFLOAD_TARGET_DEFAULT=1
Target: x86_64-linux-gnu
Configured with: ../src/configure -v --with-pkgversion='Ubuntu 9.2.1-9ubuntu2' --with-bugurl=file:///usr/share/doc/gcc-9/README.Bugs --enable-languages=c,ada,c++,go,brig,d,fortran,objc,obj-c++,gm2 --prefix=/usr --with-gcc-major-version-only --program-suffix=-9 --program-prefix=x86_64-linux-gnu- --enable-shared --enable-linker-build-id --libexecdir=/usr/lib --without-included-gettext --enable-threads=posix --libdir=/usr/lib --enable-nls --enable-bootstrap --enable-clocale=gnu --enable-libstdcxx-debug --enable-libstdcxx-time=yes --with-default-libstdcxx-abi=new --enable-gnu-unique-object --disable-vtable-verify --enable-plugin --enable-default-pie --with-system-zlib --with-target-system-zlib=auto --enable-multiarch --disable-werror --with-arch-32=i686 --with-abi=m64 --with-multilib-list=m32,m64,mx32 --enable-multilib --with-tune=generic --enable-offload-targets=nvptx-none,hsa --without-cuda-driver --enable-checking=release --build=x86_64-linux-gnu --host=x86_64-linux-gnu --target=x86_64-linux-gnu
Thread model: posix
gcc version 9.2.1 20191008 (Ubuntu 9.2.1-9ubuntu2) 
COLLECT_GCC_OPTIONS='-v' '-shared-libgcc' '-mtune=generic' '-march=x86-64'
 /usr/lib/gcc/x86_64-linux-gnu/9/f951 CMakeFortranCompilerId.F -ffixed-form -cpp=/tmp/ccDRPWwV.f90 -quiet -v -imultiarch x86_64-linux-gnu CMakeFortranCompilerId.F -quiet -dumpbase CMakeFortranCompilerId.F -mtune=generic -march=x86-64 -auxbase CMakeFortranCompilerId -version -fintrinsic-modules-path /usr/lib/gcc/x86_64-linux-gnu/9/finclude -fpre-include=/usr/include/finclude/math-vector-fortran.h -o /tmp/cc1wfo6Y.s
GNU Fortran (Ubuntu 9.2.1-9ubuntu2) version 9.2.1 20191008 (x86_64-linux-gnu)
	compiled by GNU C version 9.2.1 20191008, GMP version 6.1.2, MPFR version 4.0.2, MPC version 1.1.0, isl version isl-0.21-GMP

GGC heuristics: --param ggc-min-expand=100 --param ggc-min-heapsize=131072
ignoring nonexistent directory "/usr/local/include/x86_64-linux-gnu"
ignoring nonexistent directory "/usr/lib/gcc/x86_64-linux-gnu/9/../../../../x86_64-linux-gnu/include"
ignoring duplicate directory "/opt/intel_19.0.2/compilers_and_libraries_2019.2.187/linux/ipp/include"
ignoring duplicate directory "/opt/intel_19.0.2/compilers_and_libraries_2019.2.187/linux/mkl/include"
ignoring duplicate directory "/opt/intel_19.0.2/compilers_and_libraries_2019.2.187/linux/tbb/include"
ignoring duplicate directory "/opt/intel_19.0.2/compilers_and_libraries_2019.2.187/linux/tbb/include"
ignoring duplicate directory "/opt/intel_19.0.2/compilers_and_libraries_2019.2.187/linux/daal/include"
ignoring duplicate directory "/opt/intel_19.0.2/compilers_and_libraries_2019.2.187/linux/ipp/include"
ignoring duplicate directory "/opt/intel_19.0.2/compilers_and_libraries_2019.2.187/linux/mkl/include"
ignoring duplicate directory "/opt/intel_19.0.2/compilers_and_libraries_2019.2.187/linux/pstl/include"
ignoring duplicate directory "/opt/intel_19.0.2/compilers_and_libraries_2019.2.187/linux/tbb/include"
ignoring duplicate directory "/opt/intel_19.0.2/compilers_and_libraries_2019.2.187/linux/tbb/include"
ignoring duplicate directory "/opt/intel_19.0.2/compilers_and_libraries_2019.2.187/linux/daal/include"
ignoring duplicate directory "/opt/intel_19.0.2/compilers_and_libraries_2019.2.187/linux/ipp/include"
ignoring duplicate directory "/opt/intel_19.0.2/compilers_and_libraries_2019.2.187/linux/mkl/include"
ignoring duplicate directory "/opt/intel_19.0.2/compilers_and_libraries_2019.2.187/linux/pstl/include"
ignoring duplicate directory "/opt/intel_19.0.2/compilers_and_libraries_2019.2.187/linux/tbb/include"
ignoring duplicate directory "/opt/intel_19.0.2/compilers_and_libraries_2019.2.187/linux/tbb/include"
ignoring duplicate directory "/opt/intel_19.0.2/compilers_and_libraries_2019.2.187/linux/daal/include"
#include "..." search starts here:
#include <...> search starts here:
 /usr/lib/gcc/x86_64-linux-gnu/9/finclude
 /opt/intel_19.0.2/compilers_and_libraries_2019.2.187/linux/daal/include
 /opt/intel_19.0.2/compilers_and_libraries_2019.2.187/linux/mkl/include
 /opt/intel_19.0.2/compilers_and_libraries_2019.2.187/linux/ipp/include
 /opt/intel_19.0.2/compilers_and_libraries_2019.2.187/linux/tbb/include
 /opt/intel_19.0.2/compilers_and_libraries_2019.2.187/linux/pstl/include
 /usr/lib/gcc/x86_64-linux-gnu/9/include
 /usr/local/include
 /usr/lib/gcc/x86_64-linux-gnu/9/include-fixed
 /usr/include/x86_64-linux-gnu
 /usr/include
End of search list.
GNU Fortran2008 (Ubuntu 9.2.1-9ubuntu2) version 9.2.1 20191008 (x86_64-linux-gnu)
	compiled by GNU C version 9.2.1 20191008, GMP version 6.1.2, MPFR version 4.0.2, MPC version 1.1.0, isl version isl-0.21-GMP

GGC heuristics: --param ggc-min-expand=100 --param ggc-min-heapsize=131072
COLLECT_GCC_OPTIONS='-v' '-shared-libgcc' '-mtune=generic' '-march=x86-64'
 as -v --64 -o /tmp/cc2S99EW.o /tmp/cc1wfo6Y.s
GNU assembler version 2.33 (x86_64-linux-gnu) using BFD version (GNU Binutils for Ubuntu) 2.33
Reading specs from /usr/lib/gcc/x86_64-linux-gnu/9/libgfortran.spec
rename spec lib to liborig
COLLECT_GCC_OPTIONS='-v' '-shared-libgcc' '-mtune=generic' '-march=x86-64'
COMPILER_PATH=/usr/lib/gcc/x86_64-linux-gnu/9/:/usr/lib/gcc/x86_64-linux-gnu/9/:/usr/lib/gcc/x86_64-linux-gnu/:/usr/lib/gcc/x86_64-linux-gnu/9/:/usr/lib/gcc/x86_64-linux-gnu/
LIBRARY_PATH=/opt/intel_19.0.2//compilers_and_libraries_2019.2.187/linux/mpi/intel64/libfabric/lib/../lib/:/opt/intel_19.0.2//compilers_and_libraries_2019.2.187/linux/mpi/intel64/libfabric/lib/../lib/:/opt/intel_19.0.2//compilers_and_libraries_2019.2.187/linux/mpi/intel64/libfabric/lib/../lib/:/usr/lib/gcc/x86_64-linux-gnu/9/:/usr/lib/gcc/x86_64-linux-gnu/9/../../../x86_64-linux-gnu/:/usr/lib/gcc/x86_64-linux-gnu/9/../../../../lib/:/lib/x86_64-linux-gnu/:/lib/../lib/:/usr/lib/x86_64-linux-gnu/:/usr/lib/../lib/:/opt/intel_19.0.2/compilers_and_libraries_2019.2.187/linux/daal/lib/intel64_lin/:/opt/intel_19.0.2/compilers_and_libraries_2019.2.187/linux/compiler/lib/intel64_lin/:/opt/intel_19.0.2/compilers_and_libraries_2019.2.187/linux/mkl/lib/intel64_lin/:/opt/intel_19.0.2/compilers_and_libraries_2019.2.187/linux/ipp/lib/intel64/:/opt/intel_19.0.2/compilers_and_libraries_2019.2.187/linux/tbb/lib/intel64/gcc4.7/:/opt/intel_19.0.2//compilers_and_libraries_2019.2.187/linux/mpi/intel64/libfabric/lib/:/opt/intel_19.0.2/compilers_and_libraries_2019.2.187/linux/ipp/lib/intel64/:/opt/intel_19.0.2/compilers_and_libraries_2019.2.187/linux/compiler/lib/intel64_lin/:/opt/intel_19.0.2/compilers_and_libraries_2019.2.187/linux/mkl/lib/intel64_lin/:/opt/intel_19.0.2/compilers_and_libraries_2019.2.187/linux/tbb/lib/intel64/gcc4.7/:/opt/intel_19.0.2/compilers_and_libraries_2019.2.187/linux/tbb/lib/intel64/gcc4.7/:/opt/intel_19.0.2/compilers_and_libraries_2019.2.187/linux/daal/lib/intel64_lin/:/opt/intel_19.0.2//compilers_and_libraries_2019.2.187/linux/mpi/intel64/libfabric/lib/:/opt/intel_19.0.2/compilers_and_libraries_2019.2.187/linux/ipp/lib/intel64/:/opt/intel_19.0.2/compilers_and_libraries_2019.2.187/linux/compiler/lib/intel64_lin/:/opt/intel_19.0.2/compilers_and_libraries_2019.2.187/linux/mkl/lib/intel64_lin/:/opt/intel_19.0.2/compilers_and_libraries_2019.2.187/linux/tbb/lib/intel64/gcc4.7/:/opt/intel_19.0.2/compilers_and_libraries_2019.2.187/linux/tbb/lib/intel64/gcc4.7/:/opt/intel_19.0.2/compilers_and_libraries_2019.2.187/linux/daal/lib/intel64_lin/:/opt/intel_19.0.2//compilers_and_libraries_2019.2.187/linux/mpi/intel64/libfabric/lib/:/opt/intel_19.0.2/compilers_and_libraries_2019.2.187/linux/ipp/lib/intel64/:/opt/intel_19.0.2/compilers_and_libraries_2019.2.187/linux/compiler/lib/intel64_lin/:/opt/intel_19.0.2/compilers_and_libraries_2019.2.187/linux/mkl/lib/intel64_lin/:/opt/intel_19.0.2/compilers_and_libraries_2019.2.187/linux/tbb/lib/intel64/gcc4.7/:/opt/intel_19.0.2/compilers_and_libraries_2019.2.187/linux/tbb/lib/intel64/gcc4.7/:/opt/intel_19.0.2/compilers_and_libraries_2019.2.187/linux/daal/lib/intel64_lin/:/opt/intel_19.0.2/compilers_and_libraries_2019.2.187/linux/daal/../tbb/lib/intel64_lin/gcc4.4/:/usr/lib/gcc/x86_64-linux-gnu/9/../../../:/lib/:/usr/lib/
COLLECT_GCC_OPTIONS='-v' '-shared-libgcc' '-mtune=generic' '-march=x86-64'
 /usr/lib/gcc/x86_64-linux-gnu/9/collect2 -plugin /usr/lib/gcc/x86_64-linux-gnu/9/liblto_plugin.so -plugin-opt=/usr/lib/gcc/x86_64-linux-gnu/9/lto-wrapper -plugin-opt=-fresolution=/tmp/ccI6JruW.res -plugin-opt=-pass-through=-lgcc_s -plugin-opt=-pass-through=-lgcc -plugin-opt=-pass-through=-lquadmath -plugin-opt=-pass-through=-lm -plugin-opt=-pass-through=-lgcc_s -plugin-opt=-pass-through=-lgcc -plugin-opt=-pass-through=-lc -plugin-opt=-pass-through=-lgcc_s -plugin-opt=-pass-through=-lgcc --build-id --eh-frame-hdr -m elf_x86_64 --hash-style=gnu --as-needed -dynamic-linker /lib64/ld-linux-x86-64.so.2 -pie -z now -z relro /usr/lib/gcc/x86_64-linux-gnu/9/../../../x86_64-linux-gnu/Scrt1.o /usr/lib/gcc/x86_64-linux-gnu/9/../../../x86_64-linux-gnu/crti.o /usr/lib/gcc/x86_64-linux-gnu/9/crtbeginS.o -L/opt/intel_19.0.2//compilers_and_libraries_2019.2.187/linux/mpi/intel64/libfabric/lib/../lib -L/opt/intel_19.0.2//compilers_and_libraries_2019.2.187/linux/mpi/intel64/libfabric/lib/../lib -L/opt/intel_19.0.2//compilers_and_libraries_2019.2.187/linux/mpi/intel64/libfabric/lib/../lib -L/usr/lib/gcc/x86_64-linux-gnu/9 -L/usr/lib/gcc/x86_64-linux-gnu/9/../../../x86_64-linux-gnu -L/usr/lib/gcc/x86_64-linux-gnu/9/../../../../lib -L/lib/x86_64-linux-gnu -L/lib/../lib -L/usr/lib/x86_64-linux-gnu -L/usr/lib/../lib -L/opt/intel_19.0.2/compilers_and_libraries_2019.2.187/linux/daal/lib/intel64_lin -L/opt/intel_19.0.2/compilers_and_libraries_2019.2.187/linux/compiler/lib/intel64_lin -L/opt/intel_19.0.2/compilers_and_libraries_2019.2.187/linux/mkl/lib/intel64_lin -L/opt/intel_19.0.2/compilers_and_libraries_2019.2.187/linux/ipp/lib/intel64 -L/opt/intel_19.0.2/compilers_and_libraries_2019.2.187/linux/tbb/lib/intel64/gcc4.7 -L/opt/intel_19.0.2//compilers_and_libraries_2019.2.187/linux/mpi/intel64/libfabric/lib -L/opt/intel_19.0.2/compilers_and_libraries_2019.2.187/linux/ipp/lib/intel64 -L/opt/intel_19.0.2/compilers_and_libraries_2019.2.187/linux/compiler/lib/intel64_lin -L/opt/intel_19.0.2/compilers_and_libraries_2019.2.187/linux/mkl/lib/intel64_lin -L/opt/intel_19.0.2/compilers_and_libraries_2019.2.187/linux/tbb/lib/intel64/gcc4.7 -L/opt/intel_19.0.2/compilers_and_libraries_2019.2.187/linux/tbb/lib/intel64/gcc4.7 -L/opt/intel_19.0.2/compilers_and_libraries_2019.2.187/linux/daal/lib/intel64_lin -L/opt/intel_19.0.2//compilers_and_libraries_2019.2.187/linux/mpi/intel64/libfabric/lib -L/opt/intel_19.0.2/compilers_and_libraries_2019.2.187/linux/ipp/lib/intel64 -L/opt/intel_19.0.2/compilers_and_libraries_2019.2.187/linux/compiler/lib/intel64_lin -L/opt/intel_19.0.2/compilers_and_libraries_2019.2.187/linux/mkl/lib/intel64_lin -L/opt/intel_19.0.2/compilers_and_libraries_2019.2.187/linux/tbb/lib/intel64/gcc4.7 -L/opt/intel_19.0.2/compilers_and_libraries_2019.2.187/linux/tbb/lib/intel64/gcc4.7 -L/opt/intel_19.0.2/compilers_and_libraries_2019.2.187/linux/daal/lib/intel64_lin -L/opt/intel_19.0.2//compilers_and_libraries_2019.2.187/linux/mpi/intel64/libfabric/lib -L/opt/intel_19.0.2/compilers_and_libraries_2019.2.187/linux/ipp/lib/intel64 -L/opt/intel_19.0.2/compilers_and_libraries_2019.2.187/linux/compiler/lib/intel64_lin -L/opt/intel_19.0.2/compilers_and_libraries_2019.2.187/linux/mkl/lib/intel64_lin -L/opt/intel_19.0.2/compilers_and_libraries_2019.2.187/linux/tbb/lib/intel64/gcc4.7 -L/opt/intel_19.0.2/compilers_and_libraries_2019.2.187/linux/tbb/lib/intel64/gcc4.7 -L/opt/intel_19.0.2/compilers_and_libraries_2019.2.187/linux/daal/lib/intel64_lin -L/opt/intel_19.0.2/compilers_and_libraries_2019.2.187/linux/daal/../tbb/lib/intel64_lin/gcc4.4 -L/usr/lib/gcc/x86_64-linux-gnu/9/../../.. /tmp/cc2S99EW.o -lgfortran -lm -lgcc_s -lgcc -lquadmath -lm -lgcc_s -lgcc -lc -lgcc_s -lgcc /usr/lib/gcc/x86_64-linux-gnu/9/crtendS.o /usr/lib/gcc/x86_64-linux-gnu/9/../../../x86_64-linux-gnu/crtn.o
COLLECT_GCC_OPTIONS='-v' '-shared-libgcc' '-mtune=generic' '-march=x86-64'


Compilation of the Fortran compiler identification source "CMakeFortranCompilerId.F" produced "a.out"

The Fortran compiler identification is GNU, found in "/home/lk/Public/ML4STS/Euler_1d_shock_STS/data/sw_air_code_fortran/src/FKB/build/CMakeFiles/3.16.3/CompilerIdFortran/a.out"

Determining if the Fortran compiler works passed with the following output:
Change Dir: /home/lk/Public/ML4STS/Euler_1d_shock_STS/data/sw_air_code_fortran/src/FKB/build/CMakeFiles/CMakeTmp

Run Build Command(s):/usr/bin/make cmTC_ea691/fast && /usr/bin/make -f CMakeFiles/cmTC_ea691.dir/build.make CMakeFiles/cmTC_ea691.dir/build
make[1]: Entering directory '/home/lk/Public/ML4STS/Euler_1d_shock_STS/data/sw_air_code_fortran/src/FKB/build/CMakeFiles/CMakeTmp'
Building Fortran object CMakeFiles/cmTC_ea691.dir/testFortranCompiler.f.o
/usr/bin/gfortran    -c /home/lk/Public/ML4STS/Euler_1d_shock_STS/data/sw_air_code_fortran/src/FKB/build/CMakeFiles/CMakeTmp/testFortranCompiler.f -o CMakeFiles/cmTC_ea691.dir/testFortranCompiler.f.o
Linking Fortran executable cmTC_ea691
/usr/local/bin/cmake -E cmake_link_script CMakeFiles/cmTC_ea691.dir/link.txt --verbose=1
/usr/bin/gfortran      CMakeFiles/cmTC_ea691.dir/testFortranCompiler.f.o  -o cmTC_ea691 
make[1]: Leaving directory '/home/lk/Public/ML4STS/Euler_1d_shock_STS/data/sw_air_code_fortran/src/FKB/build/CMakeFiles/CMakeTmp'



Detecting Fortran compiler ABI info compiled with the following output:
Change Dir: /home/lk/Public/ML4STS/Euler_1d_shock_STS/data/sw_air_code_fortran/src/FKB/build/CMakeFiles/CMakeTmp

Run Build Command(s):/usr/bin/make cmTC_0a48b/fast && /usr/bin/make -f CMakeFiles/cmTC_0a48b.dir/build.make CMakeFiles/cmTC_0a48b.dir/build
make[1]: Entering directory '/home/lk/Public/ML4STS/Euler_1d_shock_STS/data/sw_air_code_fortran/src/FKB/build/CMakeFiles/CMakeTmp'
Building Fortran object CMakeFiles/cmTC_0a48b.dir/CMakeFortranCompilerABI.F.o
/usr/bin/gfortran   -v -c /usr/local/share/cmake-3.16/Modules/CMakeFortranCompilerABI.F -o CMakeFiles/cmTC_0a48b.dir/CMakeFortranCompilerABI.F.o
Using built-in specs.
COLLECT_GCC=/usr/bin/gfortran
OFFLOAD_TARGET_NAMES=nvptx-none:hsa
OFFLOAD_TARGET_DEFAULT=1
Target: x86_64-linux-gnu
Configured with: ../src/configure -v --with-pkgversion='Ubuntu 9.2.1-9ubuntu2' --with-bugurl=file:///usr/share/doc/gcc-9/README.Bugs --enable-languages=c,ada,c++,go,brig,d,fortran,objc,obj-c++,gm2 --prefix=/usr --with-gcc-major-version-only --program-suffix=-9 --program-prefix=x86_64-linux-gnu- --enable-shared --enable-linker-build-id --libexecdir=/usr/lib --without-included-gettext --enable-threads=posix --libdir=/usr/lib --enable-nls --enable-bootstrap --enable-clocale=gnu --enable-libstdcxx-debug --enable-libstdcxx-time=yes --with-default-libstdcxx-abi=new --enable-gnu-unique-object --disable-vtable-verify --enable-plugin --enable-default-pie --with-system-zlib --with-target-system-zlib=auto --enable-multiarch --disable-werror --with-arch-32=i686 --with-abi=m64 --with-multilib-list=m32,m64,mx32 --enable-multilib --with-tune=generic --enable-offload-targets=nvptx-none,hsa --without-cuda-driver --enable-checking=release --build=x86_64-linux-gnu --host=x86_64-linux-gnu --target=x86_64-linux-gnu
Thread model: posix
gcc version 9.2.1 20191008 (Ubuntu 9.2.1-9ubuntu2) 
COLLECT_GCC_OPTIONS='-v' '-c' '-o' 'CMakeFiles/cmTC_0a48b.dir/CMakeFortranCompilerABI.F.o' '-mtune=generic' '-march=x86-64'
 /usr/lib/gcc/x86_64-linux-gnu/9/f951 /usr/local/share/cmake-3.16/Modules/CMakeFortranCompilerABI.F -ffixed-form -cpp=/tmp/cc9iacZJ.f90 -quiet -v -imultiarch x86_64-linux-gnu /usr/local/share/cmake-3.16/Modules/CMakeFortranCompilerABI.F -quiet -dumpbase CMakeFortranCompilerABI.F -mtune=generic -march=x86-64 -auxbase-strip CMakeFiles/cmTC_0a48b.dir/CMakeFortranCompilerABI.F.o -version -fintrinsic-modules-path /usr/lib/gcc/x86_64-linux-gnu/9/finclude -fpre-include=/usr/include/finclude/math-vector-fortran.h -o /tmp/ccW5IqDL.s
GNU Fortran (Ubuntu 9.2.1-9ubuntu2) version 9.2.1 20191008 (x86_64-linux-gnu)
	compiled by GNU C version 9.2.1 20191008, GMP version 6.1.2, MPFR version 4.0.2, MPC version 1.1.0, isl version isl-0.21-GMP

GGC heuristics: --param ggc-min-expand=100 --param ggc-min-heapsize=131072
ignoring nonexistent directory "/usr/local/include/x86_64-linux-gnu"
ignoring nonexistent directory "/usr/lib/gcc/x86_64-linux-gnu/9/../../../../x86_64-linux-gnu/include"
ignoring duplicate directory "/opt/intel_19.0.2/compilers_and_libraries_2019.2.187/linux/ipp/include"
ignoring duplicate directory "/opt/intel_19.0.2/compilers_and_libraries_2019.2.187/linux/mkl/include"
ignoring duplicate directory "/opt/intel_19.0.2/compilers_and_libraries_2019.2.187/linux/tbb/include"
ignoring duplicate directory "/opt/intel_19.0.2/compilers_and_libraries_2019.2.187/linux/tbb/include"
ignoring duplicate directory "/opt/intel_19.0.2/compilers_and_libraries_2019.2.187/linux/daal/include"
ignoring duplicate directory "/opt/intel_19.0.2/compilers_and_libraries_2019.2.187/linux/ipp/include"
ignoring duplicate directory "/opt/intel_19.0.2/compilers_and_libraries_2019.2.187/linux/mkl/include"
ignoring duplicate directory "/opt/intel_19.0.2/compilers_and_libraries_2019.2.187/linux/pstl/include"
ignoring duplicate directory "/opt/intel_19.0.2/compilers_and_libraries_2019.2.187/linux/tbb/include"
ignoring duplicate directory "/opt/intel_19.0.2/compilers_and_libraries_2019.2.187/linux/tbb/include"
ignoring duplicate directory "/opt/intel_19.0.2/compilers_and_libraries_2019.2.187/linux/daal/include"
ignoring duplicate directory "/opt/intel_19.0.2/compilers_and_libraries_2019.2.187/linux/ipp/include"
ignoring duplicate directory "/opt/intel_19.0.2/compilers_and_libraries_2019.2.187/linux/mkl/include"
ignoring duplicate directory "/opt/intel_19.0.2/compilers_and_libraries_2019.2.187/linux/pstl/include"
ignoring duplicate directory "/opt/intel_19.0.2/compilers_and_libraries_2019.2.187/linux/tbb/include"
ignoring duplicate directory "/opt/intel_19.0.2/compilers_and_libraries_2019.2.187/linux/tbb/include"
ignoring duplicate directory "/opt/intel_19.0.2/compilers_and_libraries_2019.2.187/linux/daal/include"
#include "..." search starts here:
#include <...> search starts here:
 /usr/lib/gcc/x86_64-linux-gnu/9/finclude
 /opt/intel_19.0.2/compilers_and_libraries_2019.2.187/linux/daal/include
 /opt/intel_19.0.2/compilers_and_libraries_2019.2.187/linux/mkl/include
 /opt/intel_19.0.2/compilers_and_libraries_2019.2.187/linux/ipp/include
 /opt/intel_19.0.2/compilers_and_libraries_2019.2.187/linux/tbb/include
 /opt/intel_19.0.2/compilers_and_libraries_2019.2.187/linux/pstl/include
 /usr/lib/gcc/x86_64-linux-gnu/9/include
 /usr/local/include
 /usr/lib/gcc/x86_64-linux-gnu/9/include-fixed
 /usr/include/x86_64-linux-gnu
 /usr/include
End of search list.
GNU Fortran2008 (Ubuntu 9.2.1-9ubuntu2) version 9.2.1 20191008 (x86_64-linux-gnu)
	compiled by GNU C version 9.2.1 20191008, GMP version 6.1.2, MPFR version 4.0.2, MPC version 1.1.0, isl version isl-0.21-GMP

GGC heuristics: --param ggc-min-expand=100 --param ggc-min-heapsize=131072
COLLECT_GCC_OPTIONS='-v' '-c' '-o' 'CMakeFiles/cmTC_0a48b.dir/CMakeFortranCompilerABI.F.o' '-mtune=generic' '-march=x86-64'
 as -v --64 -o CMakeFiles/cmTC_0a48b.dir/CMakeFortranCompilerABI.F.o /tmp/ccW5IqDL.s
GNU assembler version 2.33 (x86_64-linux-gnu) using BFD version (GNU Binutils for Ubuntu) 2.33
COMPILER_PATH=/usr/lib/gcc/x86_64-linux-gnu/9/:/usr/lib/gcc/x86_64-linux-gnu/9/:/usr/lib/gcc/x86_64-linux-gnu/:/usr/lib/gcc/x86_64-linux-gnu/9/:/usr/lib/gcc/x86_64-linux-gnu/
LIBRARY_PATH=/opt/intel_19.0.2//compilers_and_libraries_2019.2.187/linux/mpi/intel64/libfabric/lib/../lib/:/opt/intel_19.0.2//compilers_and_libraries_2019.2.187/linux/mpi/intel64/libfabric/lib/../lib/:/opt/intel_19.0.2//compilers_and_libraries_2019.2.187/linux/mpi/intel64/libfabric/lib/../lib/:/usr/lib/gcc/x86_64-linux-gnu/9/:/usr/lib/gcc/x86_64-linux-gnu/9/../../../x86_64-linux-gnu/:/usr/lib/gcc/x86_64-linux-gnu/9/../../../../lib/:/lib/x86_64-linux-gnu/:/lib/../lib/:/usr/lib/x86_64-linux-gnu/:/usr/lib/../lib/:/opt/intel_19.0.2/compilers_and_libraries_2019.2.187/linux/daal/lib/intel64_lin/:/opt/intel_19.0.2/compilers_and_libraries_2019.2.187/linux/compiler/lib/intel64_lin/:/opt/intel_19.0.2/compilers_and_libraries_2019.2.187/linux/mkl/lib/intel64_lin/:/opt/intel_19.0.2/compilers_and_libraries_2019.2.187/linux/ipp/lib/intel64/:/opt/intel_19.0.2/compilers_and_libraries_2019.2.187/linux/tbb/lib/intel64/gcc4.7/:/opt/intel_19.0.2//compilers_and_libraries_2019.2.187/linux/mpi/intel64/libfabric/lib/:/opt/intel_19.0.2/compilers_and_libraries_2019.2.187/linux/ipp/lib/intel64/:/opt/intel_19.0.2/compilers_and_libraries_2019.2.187/linux/compiler/lib/intel64_lin/:/opt/intel_19.0.2/compilers_and_libraries_2019.2.187/linux/mkl/lib/intel64_lin/:/opt/intel_19.0.2/compilers_and_libraries_2019.2.187/linux/tbb/lib/intel64/gcc4.7/:/opt/intel_19.0.2/compilers_and_libraries_2019.2.187/linux/tbb/lib/intel64/gcc4.7/:/opt/intel_19.0.2/compilers_and_libraries_2019.2.187/linux/daal/lib/intel64_lin/:/opt/intel_19.0.2//compilers_and_libraries_2019.2.187/linux/mpi/intel64/libfabric/lib/:/opt/intel_19.0.2/compilers_and_libraries_2019.2.187/linux/ipp/lib/intel64/:/opt/intel_19.0.2/compilers_and_libraries_2019.2.187/linux/compiler/lib/intel64_lin/:/opt/intel_19.0.2/compilers_and_libraries_2019.2.187/linux/mkl/lib/intel64_lin/:/opt/intel_19.0.2/compilers_and_libraries_2019.2.187/linux/tbb/lib/intel64/gcc4.7/:/opt/intel_19.0.2/compilers_and_libraries_2019.2.187/linux/tbb/lib/intel64/gcc4.7/:/opt/intel_19.0.2/compilers_and_libraries_2019.2.187/linux/daal/lib/intel64_lin/:/opt/intel_19.0.2//compilers_and_libraries_2019.2.187/linux/mpi/intel64/libfabric/lib/:/opt/intel_19.0.2/compilers_and_libraries_2019.2.187/linux/ipp/lib/intel64/:/opt/intel_19.0.2/compilers_and_libraries_2019.2.187/linux/compiler/lib/intel64_lin/:/opt/intel_19.0.2/compilers_and_libraries_2019.2.187/linux/mkl/lib/intel64_lin/:/opt/intel_19.0.2/compilers_and_libraries_2019.2.187/linux/tbb/lib/intel64/gcc4.7/:/opt/intel_19.0.2/compilers_and_libraries_2019.2.187/linux/tbb/lib/intel64/gcc4.7/:/opt/intel_19.0.2/compilers_and_libraries_2019.2.187/linux/daal/lib/intel64_lin/:/opt/intel_19.0.2/compilers_and_libraries_2019.2.187/linux/daal/../tbb/lib/intel64_lin/gcc4.4/:/usr/lib/gcc/x86_64-linux-gnu/9/../../../:/lib/:/usr/lib/
COLLECT_GCC_OPTIONS='-v' '-c' '-o' 'CMakeFiles/cmTC_0a48b.dir/CMakeFortranCompilerABI.F.o' '-mtune=generic' '-march=x86-64'
Linking Fortran executable cmTC_0a48b
/usr/local/bin/cmake -E cmake_link_script CMakeFiles/cmTC_0a48b.dir/link.txt --verbose=1
/usr/bin/gfortran   -v   CMakeFiles/cmTC_0a48b.dir/CMakeFortranCompilerABI.F.o  -o cmTC_0a48b 
Driving: /usr/bin/gfortran -v CMakeFiles/cmTC_0a48b.dir/CMakeFortranCompilerABI.F.o -o cmTC_0a48b -l gfortran -l m -shared-libgcc
Using built-in specs.
COLLECT_GCC=/usr/bin/gfortran
COLLECT_LTO_WRAPPER=/usr/lib/gcc/x86_64-linux-gnu/9/lto-wrapper
OFFLOAD_TARGET_NAMES=nvptx-none:hsa
OFFLOAD_TARGET_DEFAULT=1
Target: x86_64-linux-gnu
Configured with: ../src/configure -v --with-pkgversion='Ubuntu 9.2.1-9ubuntu2' --with-bugurl=file:///usr/share/doc/gcc-9/README.Bugs --enable-languages=c,ada,c++,go,brig,d,fortran,objc,obj-c++,gm2 --prefix=/usr --with-gcc-major-version-only --program-suffix=-9 --program-prefix=x86_64-linux-gnu- --enable-shared --enable-linker-build-id --libexecdir=/usr/lib --without-included-gettext --enable-threads=posix --libdir=/usr/lib --enable-nls --enable-bootstrap --enable-clocale=gnu --enable-libstdcxx-debug --enable-libstdcxx-time=yes --with-default-libstdcxx-abi=new --enable-gnu-unique-object --disable-vtable-verify --enable-plugin --enable-default-pie --with-system-zlib --with-target-system-zlib=auto --enable-multiarch --disable-werror --with-arch-32=i686 --with-abi=m64 --with-multilib-list=m32,m64,mx32 --enable-multilib --with-tune=generic --enable-offload-targets=nvptx-none,hsa --without-cuda-driver --enable-checking=release --build=x86_64-linux-gnu --host=x86_64-linux-gnu --target=x86_64-linux-gnu
Thread model: posix
gcc version 9.2.1 20191008 (Ubuntu 9.2.1-9ubuntu2) 
Reading specs from /usr/lib/gcc/x86_64-linux-gnu/9/libgfortran.spec
rename spec lib to liborig
COLLECT_GCC_OPTIONS='-v' '-o' 'cmTC_0a48b' '-shared-libgcc' '-mtune=generic' '-march=x86-64'
COMPILER_PATH=/usr/lib/gcc/x86_64-linux-gnu/9/:/usr/lib/gcc/x86_64-linux-gnu/9/:/usr/lib/gcc/x86_64-linux-gnu/:/usr/lib/gcc/x86_64-linux-gnu/9/:/usr/lib/gcc/x86_64-linux-gnu/
LIBRARY_PATH=/opt/intel_19.0.2//compilers_and_libraries_2019.2.187/linux/mpi/intel64/libfabric/lib/../lib/:/opt/intel_19.0.2//compilers_and_libraries_2019.2.187/linux/mpi/intel64/libfabric/lib/../lib/:/opt/intel_19.0.2//compilers_and_libraries_2019.2.187/linux/mpi/intel64/libfabric/lib/../lib/:/usr/lib/gcc/x86_64-linux-gnu/9/:/usr/lib/gcc/x86_64-linux-gnu/9/../../../x86_64-linux-gnu/:/usr/lib/gcc/x86_64-linux-gnu/9/../../../../lib/:/lib/x86_64-linux-gnu/:/lib/../lib/:/usr/lib/x86_64-linux-gnu/:/usr/lib/../lib/:/opt/intel_19.0.2/compilers_and_libraries_2019.2.187/linux/daal/lib/intel64_lin/:/opt/intel_19.0.2/compilers_and_libraries_2019.2.187/linux/compiler/lib/intel64_lin/:/opt/intel_19.0.2/compilers_and_libraries_2019.2.187/linux/mkl/lib/intel64_lin/:/opt/intel_19.0.2/compilers_and_libraries_2019.2.187/linux/ipp/lib/intel64/:/opt/intel_19.0.2/compilers_and_libraries_2019.2.187/linux/tbb/lib/intel64/gcc4.7/:/opt/intel_19.0.2//compilers_and_libraries_2019.2.187/linux/mpi/intel64/libfabric/lib/:/opt/intel_19.0.2/compilers_and_libraries_2019.2.187/linux/ipp/lib/intel64/:/opt/intel_19.0.2/compilers_and_libraries_2019.2.187/linux/compiler/lib/intel64_lin/:/opt/intel_19.0.2/compilers_and_libraries_2019.2.187/linux/mkl/lib/intel64_lin/:/opt/intel_19.0.2/compilers_and_libraries_2019.2.187/linux/tbb/lib/intel64/gcc4.7/:/opt/intel_19.0.2/compilers_and_libraries_2019.2.187/linux/tbb/lib/intel64/gcc4.7/:/opt/intel_19.0.2/compilers_and_libraries_2019.2.187/linux/daal/lib/intel64_lin/:/opt/intel_19.0.2//compilers_and_libraries_2019.2.187/linux/mpi/intel64/libfabric/lib/:/opt/intel_19.0.2/compilers_and_libraries_2019.2.187/linux/ipp/lib/intel64/:/opt/intel_19.0.2/compilers_and_libraries_2019.2.187/linux/compiler/lib/intel64_lin/:/opt/intel_19.0.2/compilers_and_libraries_2019.2.187/linux/mkl/lib/intel64_lin/:/opt/intel_19.0.2/compilers_and_libraries_2019.2.187/linux/tbb/lib/intel64/gcc4.7/:/opt/intel_19.0.2/compilers_and_libraries_2019.2.187/linux/tbb/lib/intel64/gcc4.7/:/opt/intel_19.0.2/compilers_and_libraries_2019.2.187/linux/daal/lib/intel64_lin/:/opt/intel_19.0.2//compilers_and_libraries_2019.2.187/linux/mpi/intel64/libfabric/lib/:/opt/intel_19.0.2/compilers_and_libraries_2019.2.187/linux/ipp/lib/intel64/:/opt/intel_19.0.2/compilers_and_libraries_2019.2.187/linux/compiler/lib/intel64_lin/:/opt/intel_19.0.2/compilers_and_libraries_2019.2.187/linux/mkl/lib/intel64_lin/:/opt/intel_19.0.2/compilers_and_libraries_2019.2.187/linux/tbb/lib/intel64/gcc4.7/:/opt/intel_19.0.2/compilers_and_libraries_2019.2.187/linux/tbb/lib/intel64/gcc4.7/:/opt/intel_19.0.2/compilers_and_libraries_2019.2.187/linux/daal/lib/intel64_lin/:/opt/intel_19.0.2/compilers_and_libraries_2019.2.187/linux/daal/../tbb/lib/intel64_lin/gcc4.4/:/usr/lib/gcc/x86_64-linux-gnu/9/../../../:/lib/:/usr/lib/
COLLECT_GCC_OPTIONS='-v' '-o' 'cmTC_0a48b' '-shared-libgcc' '-mtune=generic' '-march=x86-64'
 /usr/lib/gcc/x86_64-linux-gnu/9/collect2 -plugin /usr/lib/gcc/x86_64-linux-gnu/9/liblto_plugin.so -plugin-opt=/usr/lib/gcc/x86_64-linux-gnu/9/lto-wrapper -plugin-opt=-fresolution=/tmp/ccUYXxkf.res -plugin-opt=-pass-through=-lgcc_s -plugin-opt=-pass-through=-lgcc -plugin-opt=-pass-through=-lquadmath -plugin-opt=-pass-through=-lm -plugin-opt=-pass-through=-lgcc_s -plugin-opt=-pass-through=-lgcc -plugin-opt=-pass-through=-lc -plugin-opt=-pass-through=-lgcc_s -plugin-opt=-pass-through=-lgcc --build-id --eh-frame-hdr -m elf_x86_64 --hash-style=gnu --as-needed -dynamic-linker /lib64/ld-linux-x86-64.so.2 -pie -z now -z relro -o cmTC_0a48b /usr/lib/gcc/x86_64-linux-gnu/9/../../../x86_64-linux-gnu/Scrt1.o /usr/lib/gcc/x86_64-linux-gnu/9/../../../x86_64-linux-gnu/crti.o /usr/lib/gcc/x86_64-linux-gnu/9/crtbeginS.o -L/opt/intel_19.0.2//compilers_and_libraries_2019.2.187/linux/mpi/intel64/libfabric/lib/../lib -L/opt/intel_19.0.2//compilers_and_libraries_2019.2.187/linux/mpi/intel64/libfabric/lib/../lib -L/opt/intel_19.0.2//compilers_and_libraries_2019.2.187/linux/mpi/intel64/libfabric/lib/../lib -L/usr/lib/gcc/x86_64-linux-gnu/9 -L/usr/lib/gcc/x86_64-linux-gnu/9/../../../x86_64-linux-gnu -L/usr/lib/gcc/x86_64-linux-gnu/9/../../../../lib -L/lib/x86_64-linux-gnu -L/lib/../lib -L/usr/lib/x86_64-linux-gnu -L/usr/lib/../lib -L/opt/intel_19.0.2/compilers_and_libraries_2019.2.187/linux/daal/lib/intel64_lin -L/opt/intel_19.0.2/compilers_and_libraries_2019.2.187/linux/compiler/lib/intel64_lin -L/opt/intel_19.0.2/compilers_and_libraries_2019.2.187/linux/mkl/lib/intel64_lin -L/opt/intel_19.0.2/compilers_and_libraries_2019.2.187/linux/ipp/lib/intel64 -L/opt/intel_19.0.2/compilers_and_libraries_2019.2.187/linux/tbb/lib/intel64/gcc4.7 -L/opt/intel_19.0.2//compilers_and_libraries_2019.2.187/linux/mpi/intel64/libfabric/lib -L/opt/intel_19.0.2/compilers_and_libraries_2019.2.187/linux/ipp/lib/intel64 -L/opt/intel_19.0.2/compilers_and_libraries_2019.2.187/linux/compiler/lib/intel64_lin -L/opt/intel_19.0.2/compilers_and_libraries_2019.2.187/linux/mkl/lib/intel64_lin -L/opt/intel_19.0.2/compilers_and_libraries_2019.2.187/linux/tbb/lib/intel64/gcc4.7 -L/opt/intel_19.0.2/compilers_and_libraries_2019.2.187/linux/tbb/lib/intel64/gcc4.7 -L/opt/intel_19.0.2/compilers_and_libraries_2019.2.187/linux/daal/lib/intel64_lin -L/opt/intel_19.0.2//compilers_and_libraries_2019.2.187/linux/mpi/intel64/libfabric/lib -L/opt/intel_19.0.2/compilers_and_libraries_2019.2.187/linux/ipp/lib/intel64 -L/opt/intel_19.0.2/compilers_and_libraries_2019.2.187/linux/compiler/lib/intel64_lin -L/opt/intel_19.0.2/compilers_and_libraries_2019.2.187/linux/mkl/lib/intel64_lin -L/opt/intel_19.0.2/compilers_and_libraries_2019.2.187/linux/tbb/lib/intel64/gcc4.7 -L/opt/intel_19.0.2/compilers_and_libraries_2019.2.187/linux/tbb/lib/intel64/gcc4.7 -L/opt/intel_19.0.2/compilers_and_libraries_2019.2.187/linux/daal/lib/intel64_lin -L/opt/intel_19.0.2//compilers_and_libraries_2019.2.187/linux/mpi/intel64/libfabric/lib -L/opt/intel_19.0.2/compilers_and_libraries_2019.2.187/linux/ipp/lib/intel64 -L/opt/intel_19.0.2/compilers_and_libraries_2019.2.187/linux/compiler/lib/intel64_lin -L/opt/intel_19.0.2/compilers_and_libraries_2019.2.187/linux/mkl/lib/intel64_lin -L/opt/intel_19.0.2/compilers_and_libraries_2019.2.187/linux/tbb/lib/intel64/gcc4.7 -L/opt/intel_19.0.2/compilers_and_libraries_2019.2.187/linux/tbb/lib/intel64/gcc4.7 -L/opt/intel_19.0.2/compilers_and_libraries_2019.2.187/linux/daal/lib/intel64_lin -L/opt/intel_19.0.2/compilers_and_libraries_2019.2.187/linux/daal/../tbb/lib/intel64_lin/gcc4.4 -L/usr/lib/gcc/x86_64-linux-gnu/9/../../.. CMakeFiles/cmTC_0a48b.dir/CMakeFortranCompilerABI.F.o -lgfortran -lm -lgcc_s -lgcc -lquadmath -lm -lgcc_s -lgcc -lc -lgcc_s -lgcc /usr/lib/gcc/x86_64-linux-gnu/9/crtendS.o /usr/lib/gcc/x86_64-linux-gnu/9/../../../x86_64-linux-gnu/crtn.o
COLLECT_GCC_OPTIONS='-v' '-o' 'cmTC_0a48b' '-shared-libgcc' '-mtune=generic' '-march=x86-64'
make[1]: Leaving directory '/home/lk/Public/ML4STS/Euler_1d_shock_STS/data/sw_air_code_fortran/src/FKB/build/CMakeFiles/CMakeTmp'



Parsed Fortran implicit include dir info from above output: rv=done
  found start of include info
  found start of implicit include info
    add: [/usr/lib/gcc/x86_64-linux-gnu/9/finclude]
    add: [/opt/intel_19.0.2/compilers_and_libraries_2019.2.187/linux/daal/include]
    add: [/opt/intel_19.0.2/compilers_and_libraries_2019.2.187/linux/mkl/include]
    add: [/opt/intel_19.0.2/compilers_and_libraries_2019.2.187/linux/ipp/include]
    add: [/opt/intel_19.0.2/compilers_and_libraries_2019.2.187/linux/tbb/include]
    add: [/opt/intel_19.0.2/compilers_and_libraries_2019.2.187/linux/pstl/include]
    add: [/usr/lib/gcc/x86_64-linux-gnu/9/include]
    add: [/usr/local/include]
    add: [/usr/lib/gcc/x86_64-linux-gnu/9/include-fixed]
    add: [/usr/include/x86_64-linux-gnu]
    add: [/usr/include]
  end of search list found
  collapse include dir [/usr/lib/gcc/x86_64-linux-gnu/9/finclude] ==> [/usr/lib/gcc/x86_64-linux-gnu/9/finclude]
  collapse include dir [/opt/intel_19.0.2/compilers_and_libraries_2019.2.187/linux/daal/include] ==> [/opt/intel_19.0.2/compilers_and_libraries_2019.2.187/linux/daal/include]
  collapse include dir [/opt/intel_19.0.2/compilers_and_libraries_2019.2.187/linux/mkl/include] ==> [/opt/intel_19.0.2/compilers_and_libraries_2019.2.187/linux/mkl/include]
  collapse include dir [/opt/intel_19.0.2/compilers_and_libraries_2019.2.187/linux/ipp/include] ==> [/opt/intel_19.0.2/compilers_and_libraries_2019.2.187/linux/ipp/include]
  collapse include dir [/opt/intel_19.0.2/compilers_and_libraries_2019.2.187/linux/tbb/include] ==> [/opt/intel_19.0.2/compilers_and_libraries_2019.2.187/linux/tbb/include]
  collapse include dir [/opt/intel_19.0.2/compilers_and_libraries_2019.2.187/linux/pstl/include] ==> [/opt/intel_19.0.2/compilers_and_libraries_2019.2.187/linux/pstl/include]
  collapse include dir [/usr/lib/gcc/x86_64-linux-gnu/9/include] ==> [/usr/lib/gcc/x86_64-linux-gnu/9/include]
  collapse include dir [/usr/local/include] ==> [/usr/local/include]
  collapse include dir [/usr/lib/gcc/x86_64-linux-gnu/9/include-fixed] ==> [/usr/lib/gcc/x86_64-linux-gnu/9/include-fixed]
  collapse include dir [/usr/include/x86_64-linux-gnu] ==> [/usr/include/x86_64-linux-gnu]
  collapse include dir [/usr/include] ==> [/usr/include]
  implicit include dirs: [/usr/lib/gcc/x86_64-linux-gnu/9/finclude;/opt/intel_19.0.2/compilers_and_libraries_2019.2.187/linux/daal/include;/opt/intel_19.0.2/compilers_and_libraries_2019.2.187/linux/mkl/include;/opt/intel_19.0.2/compilers_and_libraries_2019.2.187/linux/ipp/include;/opt/intel_19.0.2/compilers_and_libraries_2019.2.187/linux/tbb/include;/opt/intel_19.0.2/compilers_and_libraries_2019.2.187/linux/pstl/include;/usr/lib/gcc/x86_64-linux-gnu/9/include;/usr/local/include;/usr/lib/gcc/x86_64-linux-gnu/9/include-fixed;/usr/include/x86_64-linux-gnu;/usr/include]


Parsed Fortran implicit link information from above output:
  link line regex: [^( *|.*[/\])(ld|CMAKE_LINK_STARTFILE-NOTFOUND|([^/\]+-)?ld|collect2)[^/\]*( |$)]
  ignore line: [Change Dir: /home/lk/Public/ML4STS/Euler_1d_shock_STS/data/sw_air_code_fortran/src/FKB/build/CMakeFiles/CMakeTmp]
  ignore line: []
  ignore line: [Run Build Command(s):/usr/bin/make cmTC_0a48b/fast && /usr/bin/make -f CMakeFiles/cmTC_0a48b.dir/build.make CMakeFiles/cmTC_0a48b.dir/build]
  ignore line: [make[1]: Entering directory '/home/lk/Public/ML4STS/Euler_1d_shock_STS/data/sw_air_code_fortran/src/FKB/build/CMakeFiles/CMakeTmp']
  ignore line: [Building Fortran object CMakeFiles/cmTC_0a48b.dir/CMakeFortranCompilerABI.F.o]
  ignore line: [/usr/bin/gfortran   -v -c /usr/local/share/cmake-3.16/Modules/CMakeFortranCompilerABI.F -o CMakeFiles/cmTC_0a48b.dir/CMakeFortranCompilerABI.F.o]
  ignore line: [Using built-in specs.]
  ignore line: [COLLECT_GCC=/usr/bin/gfortran]
  ignore line: [OFFLOAD_TARGET_NAMES=nvptx-none:hsa]
  ignore line: [OFFLOAD_TARGET_DEFAULT=1]
  ignore line: [Target: x86_64-linux-gnu]
  ignore line: [Configured with: ../src/configure -v --with-pkgversion='Ubuntu 9.2.1-9ubuntu2' --with-bugurl=file:///usr/share/doc/gcc-9/README.Bugs --enable-languages=c ada c++ go brig d fortran objc obj-c++ gm2 --prefix=/usr --with-gcc-major-version-only --program-suffix=-9 --program-prefix=x86_64-linux-gnu- --enable-shared --enable-linker-build-id --libexecdir=/usr/lib --without-included-gettext --enable-threads=posix --libdir=/usr/lib --enable-nls --enable-bootstrap --enable-clocale=gnu --enable-libstdcxx-debug --enable-libstdcxx-time=yes --with-default-libstdcxx-abi=new --enable-gnu-unique-object --disable-vtable-verify --enable-plugin --enable-default-pie --with-system-zlib --with-target-system-zlib=auto --enable-multiarch --disable-werror --with-arch-32=i686 --with-abi=m64 --with-multilib-list=m32 m64 mx32 --enable-multilib --with-tune=generic --enable-offload-targets=nvptx-none hsa --without-cuda-driver --enable-checking=release --build=x86_64-linux-gnu --host=x86_64-linux-gnu --target=x86_64-linux-gnu]
  ignore line: [Thread model: posix]
  ignore line: [gcc version 9.2.1 20191008 (Ubuntu 9.2.1-9ubuntu2) ]
  ignore line: [COLLECT_GCC_OPTIONS='-v' '-c' '-o' 'CMakeFiles/cmTC_0a48b.dir/CMakeFortranCompilerABI.F.o' '-mtune=generic' '-march=x86-64']
  ignore line: [ /usr/lib/gcc/x86_64-linux-gnu/9/f951 /usr/local/share/cmake-3.16/Modules/CMakeFortranCompilerABI.F -ffixed-form -cpp=/tmp/cc9iacZJ.f90 -quiet -v -imultiarch x86_64-linux-gnu /usr/local/share/cmake-3.16/Modules/CMakeFortranCompilerABI.F -quiet -dumpbase CMakeFortranCompilerABI.F -mtune=generic -march=x86-64 -auxbase-strip CMakeFiles/cmTC_0a48b.dir/CMakeFortranCompilerABI.F.o -version -fintrinsic-modules-path /usr/lib/gcc/x86_64-linux-gnu/9/finclude -fpre-include=/usr/include/finclude/math-vector-fortran.h -o /tmp/ccW5IqDL.s]
  ignore line: [GNU Fortran (Ubuntu 9.2.1-9ubuntu2) version 9.2.1 20191008 (x86_64-linux-gnu)]
  ignore line: [	compiled by GNU C version 9.2.1 20191008  GMP version 6.1.2  MPFR version 4.0.2  MPC version 1.1.0  isl version isl-0.21-GMP]
  ignore line: []
  ignore line: [GGC heuristics: --param ggc-min-expand=100 --param ggc-min-heapsize=131072]
  ignore line: [ignoring nonexistent directory "/usr/local/include/x86_64-linux-gnu"]
  ignore line: [ignoring nonexistent directory "/usr/lib/gcc/x86_64-linux-gnu/9/../../../../x86_64-linux-gnu/include"]
  ignore line: [ignoring duplicate directory "/opt/intel_19.0.2/compilers_and_libraries_2019.2.187/linux/ipp/include"]
  ignore line: [ignoring duplicate directory "/opt/intel_19.0.2/compilers_and_libraries_2019.2.187/linux/mkl/include"]
  ignore line: [ignoring duplicate directory "/opt/intel_19.0.2/compilers_and_libraries_2019.2.187/linux/tbb/include"]
  ignore line: [ignoring duplicate directory "/opt/intel_19.0.2/compilers_and_libraries_2019.2.187/linux/tbb/include"]
  ignore line: [ignoring duplicate directory "/opt/intel_19.0.2/compilers_and_libraries_2019.2.187/linux/daal/include"]
  ignore line: [ignoring duplicate directory "/opt/intel_19.0.2/compilers_and_libraries_2019.2.187/linux/ipp/include"]
  ignore line: [ignoring duplicate directory "/opt/intel_19.0.2/compilers_and_libraries_2019.2.187/linux/mkl/include"]
  ignore line: [ignoring duplicate directory "/opt/intel_19.0.2/compilers_and_libraries_2019.2.187/linux/pstl/include"]
  ignore line: [ignoring duplicate directory "/opt/intel_19.0.2/compilers_and_libraries_2019.2.187/linux/tbb/include"]
  ignore line: [ignoring duplicate directory "/opt/intel_19.0.2/compilers_and_libraries_2019.2.187/linux/tbb/include"]
  ignore line: [ignoring duplicate directory "/opt/intel_19.0.2/compilers_and_libraries_2019.2.187/linux/daal/include"]
  ignore line: [ignoring duplicate directory "/opt/intel_19.0.2/compilers_and_libraries_2019.2.187/linux/ipp/include"]
  ignore line: [ignoring duplicate directory "/opt/intel_19.0.2/compilers_and_libraries_2019.2.187/linux/mkl/include"]
  ignore line: [ignoring duplicate directory "/opt/intel_19.0.2/compilers_and_libraries_2019.2.187/linux/pstl/include"]
  ignore line: [ignoring duplicate directory "/opt/intel_19.0.2/compilers_and_libraries_2019.2.187/linux/tbb/include"]
  ignore line: [ignoring duplicate directory "/opt/intel_19.0.2/compilers_and_libraries_2019.2.187/linux/tbb/include"]
  ignore line: [ignoring duplicate directory "/opt/intel_19.0.2/compilers_and_libraries_2019.2.187/linux/daal/include"]
  ignore line: [#include "..." search starts here:]
  ignore line: [#include <...> search starts here:]
  ignore line: [ /usr/lib/gcc/x86_64-linux-gnu/9/finclude]
  ignore line: [ /opt/intel_19.0.2/compilers_and_libraries_2019.2.187/linux/daal/include]
  ignore line: [ /opt/intel_19.0.2/compilers_and_libraries_2019.2.187/linux/mkl/include]
  ignore line: [ /opt/intel_19.0.2/compilers_and_libraries_2019.2.187/linux/ipp/include]
  ignore line: [ /opt/intel_19.0.2/compilers_and_libraries_2019.2.187/linux/tbb/include]
  ignore line: [ /opt/intel_19.0.2/compilers_and_libraries_2019.2.187/linux/pstl/include]
  ignore line: [ /usr/lib/gcc/x86_64-linux-gnu/9/include]
  ignore line: [ /usr/local/include]
  ignore line: [ /usr/lib/gcc/x86_64-linux-gnu/9/include-fixed]
  ignore line: [ /usr/include/x86_64-linux-gnu]
  ignore line: [ /usr/include]
  ignore line: [End of search list.]
  ignore line: [GNU Fortran2008 (Ubuntu 9.2.1-9ubuntu2) version 9.2.1 20191008 (x86_64-linux-gnu)]
  ignore line: [	compiled by GNU C version 9.2.1 20191008  GMP version 6.1.2  MPFR version 4.0.2  MPC version 1.1.0  isl version isl-0.21-GMP]
  ignore line: []
  ignore line: [GGC heuristics: --param ggc-min-expand=100 --param ggc-min-heapsize=131072]
  ignore line: [COLLECT_GCC_OPTIONS='-v' '-c' '-o' 'CMakeFiles/cmTC_0a48b.dir/CMakeFortranCompilerABI.F.o' '-mtune=generic' '-march=x86-64']
  ignore line: [ as -v --64 -o CMakeFiles/cmTC_0a48b.dir/CMakeFortranCompilerABI.F.o /tmp/ccW5IqDL.s]
  ignore line: [GNU assembler version 2.33 (x86_64-linux-gnu) using BFD version (GNU Binutils for Ubuntu) 2.33]
  ignore line: [COMPILER_PATH=/usr/lib/gcc/x86_64-linux-gnu/9/:/usr/lib/gcc/x86_64-linux-gnu/9/:/usr/lib/gcc/x86_64-linux-gnu/:/usr/lib/gcc/x86_64-linux-gnu/9/:/usr/lib/gcc/x86_64-linux-gnu/]
  ignore line: [LIBRARY_PATH=/opt/intel_19.0.2//compilers_and_libraries_2019.2.187/linux/mpi/intel64/libfabric/lib/../lib/:/opt/intel_19.0.2//compilers_and_libraries_2019.2.187/linux/mpi/intel64/libfabric/lib/../lib/:/opt/intel_19.0.2//compilers_and_libraries_2019.2.187/linux/mpi/intel64/libfabric/lib/../lib/:/usr/lib/gcc/x86_64-linux-gnu/9/:/usr/lib/gcc/x86_64-linux-gnu/9/../../../x86_64-linux-gnu/:/usr/lib/gcc/x86_64-linux-gnu/9/../../../../lib/:/lib/x86_64-linux-gnu/:/lib/../lib/:/usr/lib/x86_64-linux-gnu/:/usr/lib/../lib/:/opt/intel_19.0.2/compilers_and_libraries_2019.2.187/linux/daal/lib/intel64_lin/:/opt/intel_19.0.2/compilers_and_libraries_2019.2.187/linux/compiler/lib/intel64_lin/:/opt/intel_19.0.2/compilers_and_libraries_2019.2.187/linux/mkl/lib/intel64_lin/:/opt/intel_19.0.2/compilers_and_libraries_2019.2.187/linux/ipp/lib/intel64/:/opt/intel_19.0.2/compilers_and_libraries_2019.2.187/linux/tbb/lib/intel64/gcc4.7/:/opt/intel_19.0.2//compilers_and_libraries_2019.2.187/linux/mpi/intel64/libfabric/lib/:/opt/intel_19.0.2/compilers_and_libraries_2019.2.187/linux/ipp/lib/intel64/:/opt/intel_19.0.2/compilers_and_libraries_2019.2.187/linux/compiler/lib/intel64_lin/:/opt/intel_19.0.2/compilers_and_libraries_2019.2.187/linux/mkl/lib/intel64_lin/:/opt/intel_19.0.2/compilers_and_libraries_2019.2.187/linux/tbb/lib/intel64/gcc4.7/:/opt/intel_19.0.2/compilers_and_libraries_2019.2.187/linux/tbb/lib/intel64/gcc4.7/:/opt/intel_19.0.2/compilers_and_libraries_2019.2.187/linux/daal/lib/intel64_lin/:/opt/intel_19.0.2//compilers_and_libraries_2019.2.187/linux/mpi/intel64/libfabric/lib/:/opt/intel_19.0.2/compilers_and_libraries_2019.2.187/linux/ipp/lib/intel64/:/opt/intel_19.0.2/compilers_and_libraries_2019.2.187/linux/compiler/lib/intel64_lin/:/opt/intel_19.0.2/compilers_and_libraries_2019.2.187/linux/mkl/lib/intel64_lin/:/opt/intel_19.0.2/compilers_and_libraries_2019.2.187/linux/tbb/lib/intel64/gcc4.7/:/opt/intel_19.0.2/compilers_and_libraries_2019.2.187/linux/tbb/lib/intel64/gcc4.7/:/opt/intel_19.0.2/compilers_and_libraries_2019.2.187/linux/daal/lib/intel64_lin/:/opt/intel_19.0.2//compilers_and_libraries_2019.2.187/linux/mpi/intel64/libfabric/lib/:/opt/intel_19.0.2/compilers_and_libraries_2019.2.187/linux/ipp/lib/intel64/:/opt/intel_19.0.2/compilers_and_libraries_2019.2.187/linux/compiler/lib/intel64_lin/:/opt/intel_19.0.2/compilers_and_libraries_2019.2.187/linux/mkl/lib/intel64_lin/:/opt/intel_19.0.2/compilers_and_libraries_2019.2.187/linux/tbb/lib/intel64/gcc4.7/:/opt/intel_19.0.2/compilers_and_libraries_2019.2.187/linux/tbb/lib/intel64/gcc4.7/:/opt/intel_19.0.2/compilers_and_libraries_2019.2.187/linux/daal/lib/intel64_lin/:/opt/intel_19.0.2/compilers_and_libraries_2019.2.187/linux/daal/../tbb/lib/intel64_lin/gcc4.4/:/usr/lib/gcc/x86_64-linux-gnu/9/../../../:/lib/:/usr/lib/]
  ignore line: [COLLECT_GCC_OPTIONS='-v' '-c' '-o' 'CMakeFiles/cmTC_0a48b.dir/CMakeFortranCompilerABI.F.o' '-mtune=generic' '-march=x86-64']
  ignore line: [Linking Fortran executable cmTC_0a48b]
  ignore line: [/usr/local/bin/cmake -E cmake_link_script CMakeFiles/cmTC_0a48b.dir/link.txt --verbose=1]
  ignore line: [/usr/bin/gfortran   -v   CMakeFiles/cmTC_0a48b.dir/CMakeFortranCompilerABI.F.o  -o cmTC_0a48b ]
  ignore line: [Driving: /usr/bin/gfortran -v CMakeFiles/cmTC_0a48b.dir/CMakeFortranCompilerABI.F.o -o cmTC_0a48b -l gfortran -l m -shared-libgcc]
  ignore line: [Using built-in specs.]
  ignore line: [COLLECT_GCC=/usr/bin/gfortran]
  ignore line: [COLLECT_LTO_WRAPPER=/usr/lib/gcc/x86_64-linux-gnu/9/lto-wrapper]
  ignore line: [OFFLOAD_TARGET_NAMES=nvptx-none:hsa]
  ignore line: [OFFLOAD_TARGET_DEFAULT=1]
  ignore line: [Target: x86_64-linux-gnu]
  ignore line: [Configured with: ../src/configure -v --with-pkgversion='Ubuntu 9.2.1-9ubuntu2' --with-bugurl=file:///usr/share/doc/gcc-9/README.Bugs --enable-languages=c ada c++ go brig d fortran objc obj-c++ gm2 --prefix=/usr --with-gcc-major-version-only --program-suffix=-9 --program-prefix=x86_64-linux-gnu- --enable-shared --enable-linker-build-id --libexecdir=/usr/lib --without-included-gettext --enable-threads=posix --libdir=/usr/lib --enable-nls --enable-bootstrap --enable-clocale=gnu --enable-libstdcxx-debug --enable-libstdcxx-time=yes --with-default-libstdcxx-abi=new --enable-gnu-unique-object --disable-vtable-verify --enable-plugin --enable-default-pie --with-system-zlib --with-target-system-zlib=auto --enable-multiarch --disable-werror --with-arch-32=i686 --with-abi=m64 --with-multilib-list=m32 m64 mx32 --enable-multilib --with-tune=generic --enable-offload-targets=nvptx-none hsa --without-cuda-driver --enable-checking=release --build=x86_64-linux-gnu --host=x86_64-linux-gnu --target=x86_64-linux-gnu]
  ignore line: [Thread model: posix]
  ignore line: [gcc version 9.2.1 20191008 (Ubuntu 9.2.1-9ubuntu2) ]
  ignore line: [Reading specs from /usr/lib/gcc/x86_64-linux-gnu/9/libgfortran.spec]
  ignore line: [rename spec lib to liborig]
  ignore line: [COLLECT_GCC_OPTIONS='-v' '-o' 'cmTC_0a48b' '-shared-libgcc' '-mtune=generic' '-march=x86-64']
  ignore line: [COMPILER_PATH=/usr/lib/gcc/x86_64-linux-gnu/9/:/usr/lib/gcc/x86_64-linux-gnu/9/:/usr/lib/gcc/x86_64-linux-gnu/:/usr/lib/gcc/x86_64-linux-gnu/9/:/usr/lib/gcc/x86_64-linux-gnu/]
  ignore line: [LIBRARY_PATH=/opt/intel_19.0.2//compilers_and_libraries_2019.2.187/linux/mpi/intel64/libfabric/lib/../lib/:/opt/intel_19.0.2//compilers_and_libraries_2019.2.187/linux/mpi/intel64/libfabric/lib/../lib/:/opt/intel_19.0.2//compilers_and_libraries_2019.2.187/linux/mpi/intel64/libfabric/lib/../lib/:/usr/lib/gcc/x86_64-linux-gnu/9/:/usr/lib/gcc/x86_64-linux-gnu/9/../../../x86_64-linux-gnu/:/usr/lib/gcc/x86_64-linux-gnu/9/../../../../lib/:/lib/x86_64-linux-gnu/:/lib/../lib/:/usr/lib/x86_64-linux-gnu/:/usr/lib/../lib/:/opt/intel_19.0.2/compilers_and_libraries_2019.2.187/linux/daal/lib/intel64_lin/:/opt/intel_19.0.2/compilers_and_libraries_2019.2.187/linux/compiler/lib/intel64_lin/:/opt/intel_19.0.2/compilers_and_libraries_2019.2.187/linux/mkl/lib/intel64_lin/:/opt/intel_19.0.2/compilers_and_libraries_2019.2.187/linux/ipp/lib/intel64/:/opt/intel_19.0.2/compilers_and_libraries_2019.2.187/linux/tbb/lib/intel64/gcc4.7/:/opt/intel_19.0.2//compilers_and_libraries_2019.2.187/linux/mpi/intel64/libfabric/lib/:/opt/intel_19.0.2/compilers_and_libraries_2019.2.187/linux/ipp/lib/intel64/:/opt/intel_19.0.2/compilers_and_libraries_2019.2.187/linux/compiler/lib/intel64_lin/:/opt/intel_19.0.2/compilers_and_libraries_2019.2.187/linux/mkl/lib/intel64_lin/:/opt/intel_19.0.2/compilers_and_libraries_2019.2.187/linux/tbb/lib/intel64/gcc4.7/:/opt/intel_19.0.2/compilers_and_libraries_2019.2.187/linux/tbb/lib/intel64/gcc4.7/:/opt/intel_19.0.2/compilers_and_libraries_2019.2.187/linux/daal/lib/intel64_lin/:/opt/intel_19.0.2//compilers_and_libraries_2019.2.187/linux/mpi/intel64/libfabric/lib/:/opt/intel_19.0.2/compilers_and_libraries_2019.2.187/linux/ipp/lib/intel64/:/opt/intel_19.0.2/compilers_and_libraries_2019.2.187/linux/compiler/lib/intel64_lin/:/opt/intel_19.0.2/compilers_and_libraries_2019.2.187/linux/mkl/lib/intel64_lin/:/opt/intel_19.0.2/compilers_and_libraries_2019.2.187/linux/tbb/lib/intel64/gcc4.7/:/opt/intel_19.0.2/compilers_and_libraries_2019.2.187/linux/tbb/lib/intel64/gcc4.7/:/opt/intel_19.0.2/compilers_and_libraries_2019.2.187/linux/daal/lib/intel64_lin/:/opt/intel_19.0.2//compilers_and_libraries_2019.2.187/linux/mpi/intel64/libfabric/lib/:/opt/intel_19.0.2/compilers_and_libraries_2019.2.187/linux/ipp/lib/intel64/:/opt/intel_19.0.2/compilers_and_libraries_2019.2.187/linux/compiler/lib/intel64_lin/:/opt/intel_19.0.2/compilers_and_libraries_2019.2.187/linux/mkl/lib/intel64_lin/:/opt/intel_19.0.2/compilers_and_libraries_2019.2.187/linux/tbb/lib/intel64/gcc4.7/:/opt/intel_19.0.2/compilers_and_libraries_2019.2.187/linux/tbb/lib/intel64/gcc4.7/:/opt/intel_19.0.2/compilers_and_libraries_2019.2.187/linux/daal/lib/intel64_lin/:/opt/intel_19.0.2/compilers_and_libraries_2019.2.187/linux/daal/../tbb/lib/intel64_lin/gcc4.4/:/usr/lib/gcc/x86_64-linux-gnu/9/../../../:/lib/:/usr/lib/]
  ignore line: [COLLECT_GCC_OPTIONS='-v' '-o' 'cmTC_0a48b' '-shared-libgcc' '-mtune=generic' '-march=x86-64']
  link line: [ /usr/lib/gcc/x86_64-linux-gnu/9/collect2 -plugin /usr/lib/gcc/x86_64-linux-gnu/9/liblto_plugin.so -plugin-opt=/usr/lib/gcc/x86_64-linux-gnu/9/lto-wrapper -plugin-opt=-fresolution=/tmp/ccUYXxkf.res -plugin-opt=-pass-through=-lgcc_s -plugin-opt=-pass-through=-lgcc -plugin-opt=-pass-through=-lquadmath -plugin-opt=-pass-through=-lm -plugin-opt=-pass-through=-lgcc_s -plugin-opt=-pass-through=-lgcc -plugin-opt=-pass-through=-lc -plugin-opt=-pass-through=-lgcc_s -plugin-opt=-pass-through=-lgcc --build-id --eh-frame-hdr -m elf_x86_64 --hash-style=gnu --as-needed -dynamic-linker /lib64/ld-linux-x86-64.so.2 -pie -z now -z relro -o cmTC_0a48b /usr/lib/gcc/x86_64-linux-gnu/9/../../../x86_64-linux-gnu/Scrt1.o /usr/lib/gcc/x86_64-linux-gnu/9/../../../x86_64-linux-gnu/crti.o /usr/lib/gcc/x86_64-linux-gnu/9/crtbeginS.o -L/opt/intel_19.0.2//compilers_and_libraries_2019.2.187/linux/mpi/intel64/libfabric/lib/../lib -L/opt/intel_19.0.2//compilers_and_libraries_2019.2.187/linux/mpi/intel64/libfabric/lib/../lib -L/opt/intel_19.0.2//compilers_and_libraries_2019.2.187/linux/mpi/intel64/libfabric/lib/../lib -L/usr/lib/gcc/x86_64-linux-gnu/9 -L/usr/lib/gcc/x86_64-linux-gnu/9/../../../x86_64-linux-gnu -L/usr/lib/gcc/x86_64-linux-gnu/9/../../../../lib -L/lib/x86_64-linux-gnu -L/lib/../lib -L/usr/lib/x86_64-linux-gnu -L/usr/lib/../lib -L/opt/intel_19.0.2/compilers_and_libraries_2019.2.187/linux/daal/lib/intel64_lin -L/opt/intel_19.0.2/compilers_and_libraries_2019.2.187/linux/compiler/lib/intel64_lin -L/opt/intel_19.0.2/compilers_and_libraries_2019.2.187/linux/mkl/lib/intel64_lin -L/opt/intel_19.0.2/compilers_and_libraries_2019.2.187/linux/ipp/lib/intel64 -L/opt/intel_19.0.2/compilers_and_libraries_2019.2.187/linux/tbb/lib/intel64/gcc4.7 -L/opt/intel_19.0.2//compilers_and_libraries_2019.2.187/linux/mpi/intel64/libfabric/lib -L/opt/intel_19.0.2/compilers_and_libraries_2019.2.187/linux/ipp/lib/intel64 -L/opt/intel_19.0.2/compilers_and_libraries_2019.2.187/linux/compiler/lib/intel64_lin -L/opt/intel_19.0.2/compilers_and_libraries_2019.2.187/linux/mkl/lib/intel64_lin -L/opt/intel_19.0.2/compilers_and_libraries_2019.2.187/linux/tbb/lib/intel64/gcc4.7 -L/opt/intel_19.0.2/compilers_and_libraries_2019.2.187/linux/tbb/lib/intel64/gcc4.7 -L/opt/intel_19.0.2/compilers_and_libraries_2019.2.187/linux/daal/lib/intel64_lin -L/opt/intel_19.0.2//compilers_and_libraries_2019.2.187/linux/mpi/intel64/libfabric/lib -L/opt/intel_19.0.2/compilers_and_libraries_2019.2.187/linux/ipp/lib/intel64 -L/opt/intel_19.0.2/compilers_and_libraries_2019.2.187/linux/compiler/lib/intel64_lin -L/opt/intel_19.0.2/compilers_and_libraries_2019.2.187/linux/mkl/lib/intel64_lin -L/opt/intel_19.0.2/compilers_and_libraries_2019.2.187/linux/tbb/lib/intel64/gcc4.7 -L/opt/intel_19.0.2/compilers_and_libraries_2019.2.187/linux/tbb/lib/intel64/gcc4.7 -L/opt/intel_19.0.2/compilers_and_libraries_2019.2.187/linux/daal/lib/intel64_lin -L/opt/intel_19.0.2//compilers_and_libraries_2019.2.187/linux/mpi/intel64/libfabric/lib -L/opt/intel_19.0.2/compilers_and_libraries_2019.2.187/linux/ipp/lib/intel64 -L/opt/intel_19.0.2/compilers_and_libraries_2019.2.187/linux/compiler/lib/intel64_lin -L/opt/intel_19.0.2/compilers_and_libraries_2019.2.187/linux/mkl/lib/intel64_lin -L/opt/intel_19.0.2/compilers_and_libraries_2019.2.187/linux/tbb/lib/intel64/gcc4.7 -L/opt/intel_19.0.2/compilers_and_libraries_2019.2.187/linux/tbb/lib/intel64/gcc4.7 -L/opt/intel_19.0.2/compilers_and_libraries_2019.2.187/linux/daal/lib/intel64_lin -L/opt/intel_19.0.2/compilers_and_libraries_2019.2.187/linux/daal/../tbb/lib/intel64_lin/gcc4.4 -L/usr/lib/gcc/x86_64-linux-gnu/9/../../.. CMakeFiles/cmTC_0a48b.dir/CMakeFortranCompilerABI.F.o -lgfortran -lm -lgcc_s -lgcc -lquadmath -lm -lgcc_s -lgcc -lc -lgcc_s -lgcc /usr/lib/gcc/x86_64-linux-gnu/9/crtendS.o /usr/lib/gcc/x86_64-linux-gnu/9/../../../x86_64-linux-gnu/crtn.o]
    arg [/usr/lib/gcc/x86_64-linux-gnu/9/collect2] ==> ignore
    arg [-plugin] ==> ignore
    arg [/usr/lib/gcc/x86_64-linux-gnu/9/liblto_plugin.so] ==> ignore
    arg [-plugin-opt=/usr/lib/gcc/x86_64-linux-gnu/9/lto-wrapper] ==> ignore
    arg [-plugin-opt=-fresolution=/tmp/ccUYXxkf.res] ==> ignore
    arg [-plugin-opt=-pass-through=-lgcc_s] ==> ignore
    arg [-plugin-opt=-pass-through=-lgcc] ==> ignore
    arg [-plugin-opt=-pass-through=-lquadmath] ==> ignore
    arg [-plugin-opt=-pass-through=-lm] ==> ignore
    arg [-plugin-opt=-pass-through=-lgcc_s] ==> ignore
    arg [-plugin-opt=-pass-through=-lgcc] ==> ignore
    arg [-plugin-opt=-pass-through=-lc] ==> ignore
    arg [-plugin-opt=-pass-through=-lgcc_s] ==> ignore
    arg [-plugin-opt=-pass-through=-lgcc] ==> ignore
    arg [--build-id] ==> ignore
    arg [--eh-frame-hdr] ==> ignore
    arg [-m] ==> ignore
    arg [elf_x86_64] ==> ignore
    arg [--hash-style=gnu] ==> ignore
    arg [--as-needed] ==> ignore
    arg [-dynamic-linker] ==> ignore
    arg [/lib64/ld-linux-x86-64.so.2] ==> ignore
    arg [-pie] ==> ignore
    arg [-znow] ==> ignore
    arg [-zrelro] ==> ignore
    arg [-o] ==> ignore
    arg [cmTC_0a48b] ==> ignore
    arg [/usr/lib/gcc/x86_64-linux-gnu/9/../../../x86_64-linux-gnu/Scrt1.o] ==> ignore
    arg [/usr/lib/gcc/x86_64-linux-gnu/9/../../../x86_64-linux-gnu/crti.o] ==> ignore
    arg [/usr/lib/gcc/x86_64-linux-gnu/9/crtbeginS.o] ==> ignore
    arg [-L/opt/intel_19.0.2//compilers_and_libraries_2019.2.187/linux/mpi/intel64/libfabric/lib/../lib] ==> dir [/opt/intel_19.0.2//compilers_and_libraries_2019.2.187/linux/mpi/intel64/libfabric/lib/../lib]
    arg [-L/opt/intel_19.0.2//compilers_and_libraries_2019.2.187/linux/mpi/intel64/libfabric/lib/../lib] ==> dir [/opt/intel_19.0.2//compilers_and_libraries_2019.2.187/linux/mpi/intel64/libfabric/lib/../lib]
    arg [-L/opt/intel_19.0.2//compilers_and_libraries_2019.2.187/linux/mpi/intel64/libfabric/lib/../lib] ==> dir [/opt/intel_19.0.2//compilers_and_libraries_2019.2.187/linux/mpi/intel64/libfabric/lib/../lib]
    arg [-L/usr/lib/gcc/x86_64-linux-gnu/9] ==> dir [/usr/lib/gcc/x86_64-linux-gnu/9]
    arg [-L/usr/lib/gcc/x86_64-linux-gnu/9/../../../x86_64-linux-gnu] ==> dir [/usr/lib/gcc/x86_64-linux-gnu/9/../../../x86_64-linux-gnu]
    arg [-L/usr/lib/gcc/x86_64-linux-gnu/9/../../../../lib] ==> dir [/usr/lib/gcc/x86_64-linux-gnu/9/../../../../lib]
    arg [-L/lib/x86_64-linux-gnu] ==> dir [/lib/x86_64-linux-gnu]
    arg [-L/lib/../lib] ==> dir [/lib/../lib]
    arg [-L/usr/lib/x86_64-linux-gnu] ==> dir [/usr/lib/x86_64-linux-gnu]
    arg [-L/usr/lib/../lib] ==> dir [/usr/lib/../lib]
    arg [-L/opt/intel_19.0.2/compilers_and_libraries_2019.2.187/linux/daal/lib/intel64_lin] ==> dir [/opt/intel_19.0.2/compilers_and_libraries_2019.2.187/linux/daal/lib/intel64_lin]
    arg [-L/opt/intel_19.0.2/compilers_and_libraries_2019.2.187/linux/compiler/lib/intel64_lin] ==> dir [/opt/intel_19.0.2/compilers_and_libraries_2019.2.187/linux/compiler/lib/intel64_lin]
    arg [-L/opt/intel_19.0.2/compilers_and_libraries_2019.2.187/linux/mkl/lib/intel64_lin] ==> dir [/opt/intel_19.0.2/compilers_and_libraries_2019.2.187/linux/mkl/lib/intel64_lin]
    arg [-L/opt/intel_19.0.2/compilers_and_libraries_2019.2.187/linux/ipp/lib/intel64] ==> dir [/opt/intel_19.0.2/compilers_and_libraries_2019.2.187/linux/ipp/lib/intel64]
    arg [-L/opt/intel_19.0.2/compilers_and_libraries_2019.2.187/linux/tbb/lib/intel64/gcc4.7] ==> dir [/opt/intel_19.0.2/compilers_and_libraries_2019.2.187/linux/tbb/lib/intel64/gcc4.7]
    arg [-L/opt/intel_19.0.2//compilers_and_libraries_2019.2.187/linux/mpi/intel64/libfabric/lib] ==> dir [/opt/intel_19.0.2//compilers_and_libraries_2019.2.187/linux/mpi/intel64/libfabric/lib]
    arg [-L/opt/intel_19.0.2/compilers_and_libraries_2019.2.187/linux/ipp/lib/intel64] ==> dir [/opt/intel_19.0.2/compilers_and_libraries_2019.2.187/linux/ipp/lib/intel64]
    arg [-L/opt/intel_19.0.2/compilers_and_libraries_2019.2.187/linux/compiler/lib/intel64_lin] ==> dir [/opt/intel_19.0.2/compilers_and_libraries_2019.2.187/linux/compiler/lib/intel64_lin]
    arg [-L/opt/intel_19.0.2/compilers_and_libraries_2019.2.187/linux/mkl/lib/intel64_lin] ==> dir [/opt/intel_19.0.2/compilers_and_libraries_2019.2.187/linux/mkl/lib/intel64_lin]
    arg [-L/opt/intel_19.0.2/compilers_and_libraries_2019.2.187/linux/tbb/lib/intel64/gcc4.7] ==> dir [/opt/intel_19.0.2/compilers_and_libraries_2019.2.187/linux/tbb/lib/intel64/gcc4.7]
    arg [-L/opt/intel_19.0.2/compilers_and_libraries_2019.2.187/linux/tbb/lib/intel64/gcc4.7] ==> dir [/opt/intel_19.0.2/compilers_and_libraries_2019.2.187/linux/tbb/lib/intel64/gcc4.7]
    arg [-L/opt/intel_19.0.2/compilers_and_libraries_2019.2.187/linux/daal/lib/intel64_lin] ==> dir [/opt/intel_19.0.2/compilers_and_libraries_2019.2.187/linux/daal/lib/intel64_lin]
    arg [-L/opt/intel_19.0.2//compilers_and_libraries_2019.2.187/linux/mpi/intel64/libfabric/lib] ==> dir [/opt/intel_19.0.2//compilers_and_libraries_2019.2.187/linux/mpi/intel64/libfabric/lib]
    arg [-L/opt/intel_19.0.2/compilers_and_libraries_2019.2.187/linux/ipp/lib/intel64] ==> dir [/opt/intel_19.0.2/compilers_and_libraries_2019.2.187/linux/ipp/lib/intel64]
    arg [-L/opt/intel_19.0.2/compilers_and_libraries_2019.2.187/linux/compiler/lib/intel64_lin] ==> dir [/opt/intel_19.0.2/compilers_and_libraries_2019.2.187/linux/compiler/lib/intel64_lin]
    arg [-L/opt/intel_19.0.2/compilers_and_libraries_2019.2.187/linux/mkl/lib/intel64_lin] ==> dir [/opt/intel_19.0.2/compilers_and_libraries_2019.2.187/linux/mkl/lib/intel64_lin]
    arg [-L/opt/intel_19.0.2/compilers_and_libraries_2019.2.187/linux/tbb/lib/intel64/gcc4.7] ==> dir [/opt/intel_19.0.2/compilers_and_libraries_2019.2.187/linux/tbb/lib/intel64/gcc4.7]
    arg [-L/opt/intel_19.0.2/compilers_and_libraries_2019.2.187/linux/tbb/lib/intel64/gcc4.7] ==> dir [/opt/intel_19.0.2/compilers_and_libraries_2019.2.187/linux/tbb/lib/intel64/gcc4.7]
    arg [-L/opt/intel_19.0.2/compilers_and_libraries_2019.2.187/linux/daal/lib/intel64_lin] ==> dir [/opt/intel_19.0.2/compilers_and_libraries_2019.2.187/linux/daal/lib/intel64_lin]
    arg [-L/opt/intel_19.0.2//compilers_and_libraries_2019.2.187/linux/mpi/intel64/libfabric/lib] ==> dir [/opt/intel_19.0.2//compilers_and_libraries_2019.2.187/linux/mpi/intel64/libfabric/lib]
    arg [-L/opt/intel_19.0.2/compilers_and_libraries_2019.2.187/linux/ipp/lib/intel64] ==> dir [/opt/intel_19.0.2/compilers_and_libraries_2019.2.187/linux/ipp/lib/intel64]
    arg [-L/opt/intel_19.0.2/compilers_and_libraries_2019.2.187/linux/compiler/lib/intel64_lin] ==> dir [/opt/intel_19.0.2/compilers_and_libraries_2019.2.187/linux/compiler/lib/intel64_lin]
    arg [-L/opt/intel_19.0.2/compilers_and_libraries_2019.2.187/linux/mkl/lib/intel64_lin] ==> dir [/opt/intel_19.0.2/compilers_and_libraries_2019.2.187/linux/mkl/lib/intel64_lin]
    arg [-L/opt/intel_19.0.2/compilers_and_libraries_2019.2.187/linux/tbb/lib/intel64/gcc4.7] ==> dir [/opt/intel_19.0.2/compilers_and_libraries_2019.2.187/linux/tbb/lib/intel64/gcc4.7]
    arg [-L/opt/intel_19.0.2/compilers_and_libraries_2019.2.187/linux/tbb/lib/intel64/gcc4.7] ==> dir [/opt/intel_19.0.2/compilers_and_libraries_2019.2.187/linux/tbb/lib/intel64/gcc4.7]
    arg [-L/opt/intel_19.0.2/compilers_and_libraries_2019.2.187/linux/daal/lib/intel64_lin] ==> dir [/opt/intel_19.0.2/compilers_and_libraries_2019.2.187/linux/daal/lib/intel64_lin]
    arg [-L/opt/intel_19.0.2/compilers_and_libraries_2019.2.187/linux/daal/../tbb/lib/intel64_lin/gcc4.4] ==> dir [/opt/intel_19.0.2/compilers_and_libraries_2019.2.187/linux/daal/../tbb/lib/intel64_lin/gcc4.4]
    arg [-L/usr/lib/gcc/x86_64-linux-gnu/9/../../..] ==> dir [/usr/lib/gcc/x86_64-linux-gnu/9/../../..]
    arg [CMakeFiles/cmTC_0a48b.dir/CMakeFortranCompilerABI.F.o] ==> ignore
    arg [-lgfortran] ==> lib [gfortran]
    arg [-lm] ==> lib [m]
    arg [-lgcc_s] ==> lib [gcc_s]
    arg [-lgcc] ==> lib [gcc]
    arg [-lquadmath] ==> lib [quadmath]
    arg [-lm] ==> lib [m]
    arg [-lgcc_s] ==> lib [gcc_s]
    arg [-lgcc] ==> lib [gcc]
    arg [-lc] ==> lib [c]
    arg [-lgcc_s] ==> lib [gcc_s]
    arg [-lgcc] ==> lib [gcc]
    arg [/usr/lib/gcc/x86_64-linux-gnu/9/crtendS.o] ==> ignore
    arg [/usr/lib/gcc/x86_64-linux-gnu/9/../../../x86_64-linux-gnu/crtn.o] ==> ignore
  collapse library dir [/opt/intel_19.0.2//compilers_and_libraries_2019.2.187/linux/mpi/intel64/libfabric/lib/../lib] ==> [/opt/intel_19.0.2/compilers_and_libraries_2019.2.187/linux/mpi/intel64/libfabric/lib]
  collapse library dir [/opt/intel_19.0.2//compilers_and_libraries_2019.2.187/linux/mpi/intel64/libfabric/lib/../lib] ==> [/opt/intel_19.0.2/compilers_and_libraries_2019.2.187/linux/mpi/intel64/libfabric/lib]
  collapse library dir [/opt/intel_19.0.2//compilers_and_libraries_2019.2.187/linux/mpi/intel64/libfabric/lib/../lib] ==> [/opt/intel_19.0.2/compilers_and_libraries_2019.2.187/linux/mpi/intel64/libfabric/lib]
  collapse library dir [/usr/lib/gcc/x86_64-linux-gnu/9] ==> [/usr/lib/gcc/x86_64-linux-gnu/9]
  collapse library dir [/usr/lib/gcc/x86_64-linux-gnu/9/../../../x86_64-linux-gnu] ==> [/usr/lib/x86_64-linux-gnu]
  collapse library dir [/usr/lib/gcc/x86_64-linux-gnu/9/../../../../lib] ==> [/usr/lib]
  collapse library dir [/lib/x86_64-linux-gnu] ==> [/lib/x86_64-linux-gnu]
  collapse library dir [/lib/../lib] ==> [/lib]
  collapse library dir [/usr/lib/x86_64-linux-gnu] ==> [/usr/lib/x86_64-linux-gnu]
  collapse library dir [/usr/lib/../lib] ==> [/usr/lib]
  collapse library dir [/opt/intel_19.0.2/compilers_and_libraries_2019.2.187/linux/daal/lib/intel64_lin] ==> [/opt/intel_19.0.2/compilers_and_libraries_2019.2.187/linux/daal/lib/intel64_lin]
  collapse library dir [/opt/intel_19.0.2/compilers_and_libraries_2019.2.187/linux/compiler/lib/intel64_lin] ==> [/opt/intel_19.0.2/compilers_and_libraries_2019.2.187/linux/compiler/lib/intel64_lin]
  collapse library dir [/opt/intel_19.0.2/compilers_and_libraries_2019.2.187/linux/mkl/lib/intel64_lin] ==> [/opt/intel_19.0.2/compilers_and_libraries_2019.2.187/linux/mkl/lib/intel64_lin]
  collapse library dir [/opt/intel_19.0.2/compilers_and_libraries_2019.2.187/linux/ipp/lib/intel64] ==> [/opt/intel_19.0.2/compilers_and_libraries_2019.2.187/linux/ipp/lib/intel64]
  collapse library dir [/opt/intel_19.0.2/compilers_and_libraries_2019.2.187/linux/tbb/lib/intel64/gcc4.7] ==> [/opt/intel_19.0.2/compilers_and_libraries_2019.2.187/linux/tbb/lib/intel64/gcc4.7]
  collapse library dir [/opt/intel_19.0.2//compilers_and_libraries_2019.2.187/linux/mpi/intel64/libfabric/lib] ==> [/opt/intel_19.0.2/compilers_and_libraries_2019.2.187/linux/mpi/intel64/libfabric/lib]
  collapse library dir [/opt/intel_19.0.2/compilers_and_libraries_2019.2.187/linux/ipp/lib/intel64] ==> [/opt/intel_19.0.2/compilers_and_libraries_2019.2.187/linux/ipp/lib/intel64]
  collapse library dir [/opt/intel_19.0.2/compilers_and_libraries_2019.2.187/linux/compiler/lib/intel64_lin] ==> [/opt/intel_19.0.2/compilers_and_libraries_2019.2.187/linux/compiler/lib/intel64_lin]
  collapse library dir [/opt/intel_19.0.2/compilers_and_libraries_2019.2.187/linux/mkl/lib/intel64_lin] ==> [/opt/intel_19.0.2/compilers_and_libraries_2019.2.187/linux/mkl/lib/intel64_lin]
  collapse library dir [/opt/intel_19.0.2/compilers_and_libraries_2019.2.187/linux/tbb/lib/intel64/gcc4.7] ==> [/opt/intel_19.0.2/compilers_and_libraries_2019.2.187/linux/tbb/lib/intel64/gcc4.7]
  collapse library dir [/opt/intel_19.0.2/compilers_and_libraries_2019.2.187/linux/tbb/lib/intel64/gcc4.7] ==> [/opt/intel_19.0.2/compilers_and_libraries_2019.2.187/linux/tbb/lib/intel64/gcc4.7]
  collapse library dir [/opt/intel_19.0.2/compilers_and_libraries_2019.2.187/linux/daal/lib/intel64_lin] ==> [/opt/intel_19.0.2/compilers_and_libraries_2019.2.187/linux/daal/lib/intel64_lin]
  collapse library dir [/opt/intel_19.0.2//compilers_and_libraries_2019.2.187/linux/mpi/intel64/libfabric/lib] ==> [/opt/intel_19.0.2/compilers_and_libraries_2019.2.187/linux/mpi/intel64/libfabric/lib]
  collapse library dir [/opt/intel_19.0.2/compilers_and_libraries_2019.2.187/linux/ipp/lib/intel64] ==> [/opt/intel_19.0.2/compilers_and_libraries_2019.2.187/linux/ipp/lib/intel64]
  collapse library dir [/opt/intel_19.0.2/compilers_and_libraries_2019.2.187/linux/compiler/lib/intel64_lin] ==> [/opt/intel_19.0.2/compilers_and_libraries_2019.2.187/linux/compiler/lib/intel64_lin]
  collapse library dir [/opt/intel_19.0.2/compilers_and_libraries_2019.2.187/linux/mkl/lib/intel64_lin] ==> [/opt/intel_19.0.2/compilers_and_libraries_2019.2.187/linux/mkl/lib/intel64_lin]
  collapse library dir [/opt/intel_19.0.2/compilers_and_libraries_2019.2.187/linux/tbb/lib/intel64/gcc4.7] ==> [/opt/intel_19.0.2/compilers_and_libraries_2019.2.187/linux/tbb/lib/intel64/gcc4.7]
  collapse library dir [/opt/intel_19.0.2/compilers_and_libraries_2019.2.187/linux/tbb/lib/intel64/gcc4.7] ==> [/opt/intel_19.0.2/compilers_and_libraries_2019.2.187/linux/tbb/lib/intel64/gcc4.7]
  collapse library dir [/opt/intel_19.0.2/compilers_and_libraries_2019.2.187/linux/daal/lib/intel64_lin] ==> [/opt/intel_19.0.2/compilers_and_libraries_2019.2.187/linux/daal/lib/intel64_lin]
  collapse library dir [/opt/intel_19.0.2//compilers_and_libraries_2019.2.187/linux/mpi/intel64/libfabric/lib] ==> [/opt/intel_19.0.2/compilers_and_libraries_2019.2.187/linux/mpi/intel64/libfabric/lib]
  collapse library dir [/opt/intel_19.0.2/compilers_and_libraries_2019.2.187/linux/ipp/lib/intel64] ==> [/opt/intel_19.0.2/compilers_and_libraries_2019.2.187/linux/ipp/lib/intel64]
  collapse library dir [/opt/intel_19.0.2/compilers_and_libraries_2019.2.187/linux/compiler/lib/intel64_lin] ==> [/opt/intel_19.0.2/compilers_and_libraries_2019.2.187/linux/compiler/lib/intel64_lin]
  collapse library dir [/opt/intel_19.0.2/compilers_and_libraries_2019.2.187/linux/mkl/lib/intel64_lin] ==> [/opt/intel_19.0.2/compilers_and_libraries_2019.2.187/linux/mkl/lib/intel64_lin]
  collapse library dir [/opt/intel_19.0.2/compilers_and_libraries_2019.2.187/linux/tbb/lib/intel64/gcc4.7] ==> [/opt/intel_19.0.2/compilers_and_libraries_2019.2.187/linux/tbb/lib/intel64/gcc4.7]
  collapse library dir [/opt/intel_19.0.2/compilers_and_libraries_2019.2.187/linux/tbb/lib/intel64/gcc4.7] ==> [/opt/intel_19.0.2/compilers_and_libraries_2019.2.187/linux/tbb/lib/intel64/gcc4.7]
  collapse library dir [/opt/intel_19.0.2/compilers_and_libraries_2019.2.187/linux/daal/lib/intel64_lin] ==> [/opt/intel_19.0.2/compilers_and_libraries_2019.2.187/linux/daal/lib/intel64_lin]
  collapse library dir [/opt/intel_19.0.2/compilers_and_libraries_2019.2.187/linux/daal/../tbb/lib/intel64_lin/gcc4.4] ==> [/opt/intel_19.0.2/compilers_and_libraries_2019.2.187/linux/tbb/lib/intel64_lin/gcc4.4]
  collapse library dir [/usr/lib/gcc/x86_64-linux-gnu/9/../../..] ==> [/usr/lib]
  implicit libs: [gfortran;m;gcc_s;gcc;quadmath;m;gcc_s;gcc;c;gcc_s;gcc]
  implicit dirs: [/opt/intel_19.0.2/compilers_and_libraries_2019.2.187/linux/mpi/intel64/libfabric/lib;/usr/lib/gcc/x86_64-linux-gnu/9;/usr/lib/x86_64-linux-gnu;/usr/lib;/lib/x86_64-linux-gnu;/lib;/opt/intel_19.0.2/compilers_and_libraries_2019.2.187/linux/daal/lib/intel64_lin;/opt/intel_19.0.2/compilers_and_libraries_2019.2.187/linux/compiler/lib/intel64_lin;/opt/intel_19.0.2/compilers_and_libraries_2019.2.187/linux/mkl/lib/intel64_lin;/opt/intel_19.0.2/compilers_and_libraries_2019.2.187/linux/ipp/lib/intel64;/opt/intel_19.0.2/compilers_and_libraries_2019.2.187/linux/tbb/lib/intel64/gcc4.7;/opt/intel_19.0.2/compilers_and_libraries_2019.2.187/linux/tbb/lib/intel64_lin/gcc4.4]
  implicit fwks: []


Determining if the Fortran compiler supports Fortran 90 passed with the following output:
Change Dir: /home/lk/Public/ML4STS/Euler_1d_shock_STS/data/sw_air_code_fortran/src/FKB/build/CMakeFiles/CMakeTmp

Run Build Command(s):/usr/bin/make cmTC_8f3c8/fast && /usr/bin/make -f CMakeFiles/cmTC_8f3c8.dir/build.make CMakeFiles/cmTC_8f3c8.dir/build
make[1]: Entering directory '/home/lk/Public/ML4STS/Euler_1d_shock_STS/data/sw_air_code_fortran/src/FKB/build/CMakeFiles/CMakeTmp'
Building Fortran object CMakeFiles/cmTC_8f3c8.dir/testFortranCompilerF90.f90.o
/usr/bin/gfortran    -c /home/lk/Public/ML4STS/Euler_1d_shock_STS/data/sw_air_code_fortran/src/FKB/build/CMakeFiles/CMakeTmp/testFortranCompilerF90.f90 -o CMakeFiles/cmTC_8f3c8.dir/testFortranCompilerF90.f90.o
Linking Fortran executable cmTC_8f3c8
/usr/local/bin/cmake -E cmake_link_script CMakeFiles/cmTC_8f3c8.dir/link.txt --verbose=1
/usr/bin/gfortran      CMakeFiles/cmTC_8f3c8.dir/testFortranCompilerF90.f90.o  -o cmTC_8f3c8 
make[1]: Leaving directory '/home/lk/Public/ML4STS/Euler_1d_shock_STS/data/sw_air_code_fortran/src/FKB/build/CMakeFiles/CMakeTmp'



