Training time: 23.119380 s
Prediction time: 0.131400 s
 
The model performance for training set
--------------------------------------
MAE is 7.37141095698674e-17
MSE is 2.7415391444054707e-31
EVS is 0.9996386071924311
R2 score is 0.9996341192581427
 
The model performance for testing set
--------------------------------------
MAE is 1.2465926729864646e-16
MSE is 1.329587365660207e-30
EVS is 0.9991605303026666
R2 score is 0.9991542264631823
 
Adimensional test metrics
--------------------------------------
Mean Absolute Error (MAE): 0.0038026455428220784
Mean Squared Error (MSE): 0.0008124272104124738
Root Mean Squared Error (RMSE): 0.02850310878505139
 
Best parameters set found on development set:
{'alpha': 0.0, 'gamma': 1, 'kernel': 'rbf'}
